<?xml version="1.0" encoding="UTF-8"?>
<coverage generated="1732383319241" clover="3.2.0">
  <project timestamp="1732383319241" name="All files">
    <metrics statements="398" coveredstatements="179" conditionals="95" coveredconditionals="56" methods="187" coveredmethods="74" elements="680" coveredelements="309" complexity="0" loc="398" ncloc="398" packages="11" files="21" classes="21"/>
    <package name="src">
      <metrics statements="22" coveredstatements="20" conditionals="14" coveredconditionals="14" methods="5" coveredmethods="4"/>
      <file name="App.jsx" path="/Users/varunmk/Desktop/jobtrackr/ui/src/App.jsx">
        <metrics statements="21" coveredstatements="19" conditionals="14" coveredconditionals="14" methods="5" coveredmethods="4"/>
        <line num="20" count="1" type="stmt"/>
        <line num="22" count="1" type="stmt"/>
        <line num="32" count="35" type="stmt"/>
        <line num="33" count="34" type="stmt"/>
        <line num="34" count="34" type="stmt"/>
        <line num="36" count="34" type="stmt"/>
        <line num="37" count="25" type="cond" truecount="5" falsecount="0"/>
        <line num="38" count="2" type="stmt"/>
        <line num="39" count="23" type="cond" truecount="5" falsecount="0"/>
        <line num="40" count="1" type="stmt"/>
        <line num="42" count="25" type="stmt"/>
        <line num="45" count="34" type="stmt"/>
        <line num="46" count="6" type="stmt"/>
        <line num="47" count="6" type="stmt"/>
        <line num="50" count="34" type="stmt"/>
        <line num="51" count="0" type="stmt"/>
        <line num="52" count="0" type="stmt"/>
        <line num="55" count="34" type="cond" truecount="4" falsecount="0"/>
        <line num="56" count="26" type="stmt"/>
        <line num="64" count="156" type="stmt"/>
        <line num="120" count="8" type="stmt"/>
      </file>
      <file name="config.js" path="/Users/varunmk/Desktop/jobtrackr/ui/src/config.js">
        <metrics statements="1" coveredstatements="1" conditionals="0" coveredconditionals="0" methods="0" coveredmethods="0"/>
        <line num="1" count="1" type="stmt"/>
      </file>
    </package>
    <package name="src.Components.AddApplication">
      <metrics statements="47" coveredstatements="39" conditionals="12" coveredconditionals="11" methods="25" coveredmethods="18"/>
      <file name="AddApplication.jsx" path="/Users/varunmk/Desktop/jobtrackr/ui/src/Components/AddApplication/AddApplication.jsx">
        <metrics statements="15" coveredstatements="14" conditionals="0" coveredconditionals="0" methods="7" coveredmethods="6"/>
        <line num="8" count="1" type="stmt"/>
        <line num="17" count="24" type="stmt"/>
        <line num="18" count="24" type="stmt"/>
        <line num="20" count="24" type="stmt"/>
        <line num="21" count="2" type="stmt"/>
        <line num="22" count="2" type="stmt"/>
        <line num="25" count="24" type="stmt"/>
        <line num="26" count="1" type="stmt"/>
        <line num="29" count="1" type="stmt"/>
        <line num="30" count="1" type="stmt"/>
        <line num="31" count="1" type="stmt"/>
        <line num="33" count="0" type="stmt"/>
        <line num="36" count="24" type="stmt"/>
        <line num="47" count="1" type="stmt"/>
        <line num="148" count="120" type="stmt"/>
      </file>
      <file name="ApplicationCard.jsx" path="/Users/varunmk/Desktop/jobtrackr/ui/src/Components/AddApplication/ApplicationCard.jsx">
        <metrics statements="10" coveredstatements="5" conditionals="6" coveredconditionals="6" methods="7" coveredmethods="3"/>
        <line num="11" count="65" type="stmt"/>
        <line num="19" count="65" type="stmt"/>
        <line num="20" count="0" type="stmt"/>
        <line num="34" count="0" type="stmt"/>
        <line num="35" count="0" type="stmt"/>
        <line num="37" count="0" type="stmt"/>
        <line num="40" count="65" type="stmt"/>
        <line num="50" count="1" type="stmt"/>
        <line num="87" count="0" type="stmt"/>
        <line num="91" count="325" type="stmt"/>
      </file>
      <file name="EditApplication.jsx" path="/Users/varunmk/Desktop/jobtrackr/ui/src/Components/AddApplication/EditApplication.jsx">
        <metrics statements="22" coveredstatements="20" conditionals="6" coveredconditionals="5" methods="11" coveredmethods="9"/>
        <line num="7" count="1" type="stmt"/>
        <line num="16" count="3" type="stmt"/>
        <line num="18" count="3" type="stmt"/>
        <line num="19" count="3" type="stmt"/>
        <line num="20" count="3" type="stmt"/>
        <line num="22" count="3" type="stmt"/>
        <line num="23" count="1" type="stmt"/>
        <line num="24" count="1" type="stmt"/>
        <line num="31" count="1" type="stmt"/>
        <line num="32" count="1" type="stmt"/>
        <line num="34" count="0" type="stmt"/>
        <line num="36" count="1" type="stmt"/>
        <line num="37" count="1" type="stmt"/>
        <line num="41" count="3" type="stmt"/>
        <line num="42" count="2" type="stmt"/>
        <line num="45" count="2" type="stmt"/>
        <line num="46" count="2" type="stmt"/>
        <line num="48" count="0" type="stmt"/>
        <line num="49" count="2" type="stmt"/>
        <line num="52" count="3" type="stmt"/>
        <line num="63" count="1" type="stmt"/>
        <line num="179" count="15" type="stmt"/>
      </file>
    </package>
    <package name="src.Components.CoverLetter">
      <metrics statements="50" coveredstatements="30" conditionals="12" coveredconditionals="5" methods="19" coveredmethods="10"/>
      <file name="CoverLetter.jsx" path="/Users/varunmk/Desktop/jobtrackr/ui/src/Components/CoverLetter/CoverLetter.jsx">
        <metrics statements="21" coveredstatements="12" conditionals="6" coveredconditionals="1" methods="5" coveredmethods="4"/>
        <line num="10" count="1" type="stmt"/>
        <line num="13" count="11" type="stmt"/>
        <line num="14" count="10" type="stmt"/>
        <line num="15" count="10" type="stmt"/>
        <line num="16" count="10" type="stmt"/>
        <line num="18" count="10" type="stmt"/>
        <line num="19" count="3" type="stmt"/>
        <line num="22" count="10" type="stmt"/>
        <line num="23" count="3" type="stmt"/>
        <line num="26" count="10" type="stmt"/>
        <line num="28" count="10" type="stmt"/>
        <line num="31" count="0" type="cond" truecount="0" falsecount="2"/>
        <line num="32" count="0" type="cond" truecount="0" falsecount="2"/>
        <line num="34" count="0" type="stmt"/>
        <line num="35" count="0" type="stmt"/>
        <line num="36" count="0" type="stmt"/>
        <line num="37" count="0" type="stmt"/>
        <line num="38" count="0" type="stmt"/>
        <line num="39" count="0" type="stmt"/>
        <line num="40" count="0" type="stmt"/>
        <line num="44" count="10" type="stmt"/>
      </file>
      <file name="MakeCoverLetter.jsx" path="/Users/varunmk/Desktop/jobtrackr/ui/src/Components/CoverLetter/MakeCoverLetter.jsx">
        <metrics statements="29" coveredstatements="18" conditionals="6" coveredconditionals="4" methods="14" coveredmethods="6"/>
        <line num="9" count="13" type="stmt"/>
        <line num="10" count="13" type="stmt"/>
        <line num="11" count="13" type="stmt"/>
        <line num="12" count="13" type="stmt"/>
        <line num="13" count="13" type="stmt"/>
        <line num="14" count="13" type="stmt"/>
        <line num="15" count="3" type="stmt"/>
        <line num="17" count="13" type="stmt"/>
        <line num="18" count="3" type="stmt"/>
        <line num="19" count="3" type="stmt"/>
        <line num="21" count="3" type="cond" truecount="1" falsecount="1"/>
        <line num="22" count="0" type="stmt"/>
        <line num="23" count="3" type="stmt"/>
        <line num="25" count="13" type="stmt"/>
        <line num="26" count="1" type="stmt"/>
        <line num="27" count="1" type="stmt"/>
        <line num="29" count="13" type="stmt"/>
        <line num="30" count="0" type="stmt"/>
        <line num="32" count="13" type="stmt"/>
        <line num="33" count="0" type="stmt"/>
        <line num="34" count="0" type="stmt"/>
        <line num="37" count="0" type="stmt"/>
        <line num="38" count="0" type="stmt"/>
        <line num="39" count="0" type="stmt"/>
        <line num="41" count="0" type="stmt"/>
        <line num="42" count="0" type="stmt"/>
        <line num="45" count="13" type="stmt"/>
        <line num="58" count="0" type="stmt"/>
        <line num="72" count="0" type="stmt"/>
      </file>
    </package>
    <package name="src.Components.LandingPage">
      <metrics statements="18" coveredstatements="17" conditionals="10" coveredconditionals="10" methods="10" coveredmethods="9"/>
      <file name="LandingPage.jsx" path="/Users/varunmk/Desktop/jobtrackr/ui/src/Components/LandingPage/LandingPage.jsx">
        <metrics statements="18" coveredstatements="17" conditionals="10" coveredconditionals="10" methods="10" coveredmethods="9"/>
        <line num="12" count="1" type="stmt"/>
        <line num="20" count="25" type="stmt"/>
        <line num="21" count="24" type="stmt"/>
        <line num="22" count="24" type="stmt"/>
        <line num="23" count="24" type="stmt"/>
        <line num="24" count="24" type="stmt"/>
        <line num="26" count="24" type="stmt"/>
        <line num="27" count="10" type="stmt"/>
        <line num="30" count="24" type="stmt"/>
        <line num="31" count="12" type="stmt"/>
        <line num="33" count="12" type="stmt"/>
        <line num="34" count="0" type="stmt"/>
        <line num="35" count="12" type="stmt"/>
        <line num="38" count="24" type="stmt"/>
        <line num="40" count="24" type="stmt"/>
        <line num="62" count="96" type="stmt"/>
        <line num="73" count="312" type="cond" truecount="4" falsecount="0"/>
        <line num="89" count="1" type="stmt"/>
      </file>
    </package>
    <package name="src.Components.LoginPage">
      <metrics statements="8" coveredstatements="7" conditionals="0" coveredconditionals="0" methods="5" coveredmethods="4"/>
      <file name="LoginPage.jsx" path="/Users/varunmk/Desktop/jobtrackr/ui/src/Components/LoginPage/LoginPage.jsx">
        <metrics statements="8" coveredstatements="7" conditionals="0" coveredconditionals="0" methods="5" coveredmethods="4"/>
        <line num="10" count="5" type="stmt"/>
        <line num="12" count="5" type="stmt"/>
        <line num="13" count="1" type="stmt"/>
        <line num="14" count="1" type="stmt"/>
        <line num="17" count="1" type="stmt"/>
        <line num="20" count="0" type="stmt"/>
        <line num="22" count="1" type="stmt"/>
        <line num="25" count="5" type="stmt"/>
      </file>
    </package>
    <package name="src.Components.ManageFiles">
      <metrics statements="59" coveredstatements="1" conditionals="13" coveredconditionals="0" methods="24" coveredmethods="0"/>
      <file name="AddFile.jsx" path="/Users/varunmk/Desktop/jobtrackr/ui/src/Components/ManageFiles/AddFile.jsx">
        <metrics statements="22" coveredstatements="1" conditionals="2" coveredconditionals="0" methods="7" coveredmethods="0"/>
        <line num="7" count="1" type="stmt"/>
        <line num="11" count="0" type="stmt"/>
        <line num="12" count="0" type="stmt"/>
        <line num="13" count="0" type="stmt"/>
        <line num="14" count="0" type="stmt"/>
        <line num="15" count="0" type="stmt"/>
        <line num="16" count="0" type="stmt"/>
        <line num="18" count="0" type="stmt"/>
        <line num="19" count="0" type="stmt"/>
        <line num="20" count="0" type="stmt"/>
        <line num="21" count="0" type="stmt"/>
        <line num="22" count="0" type="stmt"/>
        <line num="25" count="0" type="stmt"/>
        <line num="28" count="0" type="stmt"/>
        <line num="29" count="0" type="stmt"/>
        <line num="32" count="0" type="stmt"/>
        <line num="33" count="0" type="stmt"/>
        <line num="34" count="0" type="stmt"/>
        <line num="36" count="0" type="stmt"/>
        <line num="37" count="0" type="stmt"/>
        <line num="38" count="0" type="stmt"/>
        <line num="42" count="0" type="stmt"/>
      </file>
      <file name="ManageFiles.jsx" path="/Users/varunmk/Desktop/jobtrackr/ui/src/Components/ManageFiles/ManageFiles.jsx">
        <metrics statements="37" coveredstatements="0" conditionals="11" coveredconditionals="0" methods="17" coveredmethods="0"/>
        <line num="18" count="0" type="stmt"/>
        <line num="19" count="0" type="stmt"/>
        <line num="20" count="0" type="stmt"/>
        <line num="21" count="0" type="stmt"/>
        <line num="22" count="0" type="stmt"/>
        <line num="23" count="0" type="stmt"/>
        <line num="24" count="0" type="stmt"/>
        <line num="25" count="0" type="stmt"/>
        <line num="27" count="0" type="stmt"/>
        <line num="28" count="0" type="stmt"/>
        <line num="30" count="0" type="stmt"/>
        <line num="31" count="0" type="stmt"/>
        <line num="32" count="0" type="stmt"/>
        <line num="34" count="0" type="stmt"/>
        <line num="35" count="0" type="stmt"/>
        <line num="36" count="0" type="stmt"/>
        <line num="39" count="0" type="stmt"/>
        <line num="40" count="0" type="stmt"/>
        <line num="41" count="0" type="stmt"/>
        <line num="42" count="0" type="stmt"/>
        <line num="43" count="0" type="stmt"/>
        <line num="44" count="0" type="stmt"/>
        <line num="45" count="0" type="stmt"/>
        <line num="46" count="0" type="stmt"/>
        <line num="48" count="0" type="stmt"/>
        <line num="49" count="0" type="stmt"/>
        <line num="53" count="0" type="stmt"/>
        <line num="54" count="0" type="stmt"/>
        <line num="55" count="0" type="stmt"/>
        <line num="58" count="0" type="stmt"/>
        <line num="59" count="0" type="stmt"/>
        <line num="61" count="0" type="stmt"/>
        <line num="64" count="0" type="stmt"/>
        <line num="65" count="0" type="stmt"/>
        <line num="100" count="0" type="stmt"/>
        <line num="107" count="0" type="stmt"/>
        <line num="118" count="0" type="stmt"/>
      </file>
    </package>
    <package name="src.Components.Profile">
      <metrics statements="31" coveredstatements="0" conditionals="6" coveredconditionals="0" methods="17" coveredmethods="0"/>
      <file name="Profile.jsx" path="/Users/varunmk/Desktop/jobtrackr/ui/src/Components/Profile/Profile.jsx">
        <metrics statements="31" coveredstatements="0" conditionals="6" coveredconditionals="0" methods="17" coveredmethods="0"/>
        <line num="9" count="0" type="stmt"/>
        <line num="10" count="0" type="stmt"/>
        <line num="11" count="0" type="stmt"/>
        <line num="12" count="0" type="stmt"/>
        <line num="13" count="0" type="stmt"/>
        <line num="15" count="0" type="stmt"/>
        <line num="16" count="0" type="stmt"/>
        <line num="19" count="0" type="cond" truecount="0" falsecount="2"/>
        <line num="20" count="0" type="stmt"/>
        <line num="21" count="0" type="stmt"/>
        <line num="23" count="0" type="stmt"/>
        <line num="24" count="0" type="stmt"/>
        <line num="27" count="0" type="stmt"/>
        <line num="28" count="0" type="stmt"/>
        <line num="31" count="0" type="stmt"/>
        <line num="32" count="0" type="stmt"/>
        <line num="33" count="0" type="stmt"/>
        <line num="35" count="0" type="stmt"/>
        <line num="36" count="0" type="stmt"/>
        <line num="37" count="0" type="stmt"/>
        <line num="40" count="0" type="stmt"/>
        <line num="41" count="0" type="stmt"/>
        <line num="43" count="0" type="stmt"/>
        <line num="45" count="0" type="stmt"/>
        <line num="46" count="0" type="stmt"/>
        <line num="48" count="0" type="stmt"/>
        <line num="51" count="0" type="stmt"/>
        <line num="52" count="0" type="stmt"/>
        <line num="54" count="0" type="stmt"/>
        <line num="55" count="0" type="stmt"/>
        <line num="58" count="0" type="stmt"/>
      </file>
    </package>
    <package name="src.Components.QA">
      <metrics statements="51" coveredstatements="0" conditionals="7" coveredconditionals="0" methods="27" coveredmethods="0"/>
      <file name="AddQuestion.jsx" path="/Users/varunmk/Desktop/jobtrackr/ui/src/Components/QA/AddQuestion.jsx">
        <metrics statements="13" coveredstatements="0" conditionals="0" coveredconditionals="0" methods="6" coveredmethods="0"/>
        <line num="8" count="0" type="stmt"/>
        <line num="9" count="0" type="stmt"/>
        <line num="11" count="0" type="stmt"/>
        <line num="12" count="0" type="stmt"/>
        <line num="13" count="0" type="stmt"/>
        <line num="16" count="0" type="stmt"/>
        <line num="17" count="0" type="stmt"/>
        <line num="20" count="0" type="stmt"/>
        <line num="21" count="0" type="stmt"/>
        <line num="22" count="0" type="stmt"/>
        <line num="24" count="0" type="stmt"/>
        <line num="27" count="0" type="stmt"/>
        <line num="38" count="0" type="stmt"/>
      </file>
      <file name="EditQuestion.jsx" path="/Users/varunmk/Desktop/jobtrackr/ui/src/Components/QA/EditQuestion.jsx">
        <metrics statements="20" coveredstatements="0" conditionals="0" coveredconditionals="0" methods="10" coveredmethods="0"/>
        <line num="9" count="0" type="stmt"/>
        <line num="11" count="0" type="stmt"/>
        <line num="12" count="0" type="stmt"/>
        <line num="13" count="0" type="stmt"/>
        <line num="16" count="0" type="stmt"/>
        <line num="17" count="0" type="stmt"/>
        <line num="18" count="0" type="stmt"/>
        <line num="25" count="0" type="stmt"/>
        <line num="26" count="0" type="stmt"/>
        <line num="28" count="0" type="stmt"/>
        <line num="30" count="0" type="stmt"/>
        <line num="31" count="0" type="stmt"/>
        <line num="35" count="0" type="stmt"/>
        <line num="36" count="0" type="stmt"/>
        <line num="39" count="0" type="stmt"/>
        <line num="40" count="0" type="stmt"/>
        <line num="42" count="0" type="stmt"/>
        <line num="43" count="0" type="stmt"/>
        <line num="46" count="0" type="stmt"/>
        <line num="57" count="0" type="stmt"/>
      </file>
      <file name="QA.jsx" path="/Users/varunmk/Desktop/jobtrackr/ui/src/Components/QA/QA.jsx">
        <metrics statements="18" coveredstatements="0" conditionals="7" coveredconditionals="0" methods="11" coveredmethods="0"/>
        <line num="12" count="0" type="stmt"/>
        <line num="13" count="0" type="stmt"/>
        <line num="14" count="0" type="stmt"/>
        <line num="15" count="0" type="stmt"/>
        <line num="16" count="0" type="stmt"/>
        <line num="18" count="0" type="stmt"/>
        <line num="19" count="0" type="stmt"/>
        <line num="21" count="0" type="stmt"/>
        <line num="22" count="0" type="stmt"/>
        <line num="25" count="0" type="stmt"/>
        <line num="27" count="0" type="stmt"/>
        <line num="28" count="0" type="stmt"/>
        <line num="29" count="0" type="stmt"/>
        <line num="31" count="0" type="stmt"/>
        <line num="33" count="0" type="stmt"/>
        <line num="63" count="0" type="stmt"/>
        <line num="66" count="0" type="stmt"/>
        <line num="77" count="0" type="stmt"/>
      </file>
    </package>
    <package name="src.Components.RegisterPage">
      <metrics statements="12" coveredstatements="11" conditionals="4" coveredconditionals="4" methods="7" coveredmethods="6"/>
      <file name="RegisterPage.jsx" path="/Users/varunmk/Desktop/jobtrackr/ui/src/Components/RegisterPage/RegisterPage.jsx">
        <metrics statements="12" coveredstatements="11" conditionals="4" coveredconditionals="4" methods="7" coveredmethods="6"/>
        <line num="9" count="1" type="stmt"/>
        <line num="10" count="1" type="stmt"/>
        <line num="11" count="1" type="stmt"/>
        <line num="12" count="1" type="stmt"/>
        <line num="14" count="1" type="stmt"/>
        <line num="15" count="0" type="stmt"/>
        <line num="16" count="1" type="stmt"/>
        <line num="19" count="1" type="stmt"/>
        <line num="92" count="12" type="stmt"/>
        <line num="94" count="12" type="cond" truecount="4" falsecount="0"/>
        <line num="95" count="2" type="stmt"/>
        <line num="97" count="10" type="stmt"/>
      </file>
    </package>
    <package name="src.Components.ResumeSuggestions">
      <metrics statements="46" coveredstatements="27" conditionals="8" coveredconditionals="5" methods="19" coveredmethods="10"/>
      <file name="MakeSuggestions.jsx" path="/Users/varunmk/Desktop/jobtrackr/ui/src/Components/ResumeSuggestions/MakeSuggestions.jsx">
        <metrics statements="30" coveredstatements="18" conditionals="6" coveredconditionals="4" methods="14" coveredmethods="6"/>
        <line num="10" count="13" type="stmt"/>
        <line num="11" count="13" type="stmt"/>
        <line num="12" count="13" type="stmt"/>
        <line num="13" count="13" type="stmt"/>
        <line num="14" count="13" type="stmt"/>
        <line num="16" count="13" type="stmt"/>
        <line num="17" count="3" type="stmt"/>
        <line num="20" count="13" type="stmt"/>
        <line num="21" count="3" type="stmt"/>
        <line num="22" count="3" type="stmt"/>
        <line num="24" count="3" type="cond" truecount="1" falsecount="1"/>
        <line num="25" count="0" type="stmt"/>
        <line num="26" count="3" type="stmt"/>
        <line num="29" count="13" type="stmt"/>
        <line num="30" count="1" type="stmt"/>
        <line num="31" count="1" type="stmt"/>
        <line num="34" count="13" type="stmt"/>
        <line num="35" count="0" type="stmt"/>
        <line num="38" count="13" type="stmt"/>
        <line num="39" count="0" type="stmt"/>
        <line num="40" count="0" type="stmt"/>
        <line num="43" count="0" type="stmt"/>
        <line num="44" count="0" type="stmt"/>
        <line num="45" count="0" type="stmt"/>
        <line num="46" count="0" type="stmt"/>
        <line num="48" count="0" type="stmt"/>
        <line num="49" count="0" type="stmt"/>
        <line num="52" count="13" type="stmt"/>
        <line num="65" count="0" type="stmt"/>
        <line num="78" count="0" type="stmt"/>
      </file>
      <file name="ResumeSuggestions.jsx" path="/Users/varunmk/Desktop/jobtrackr/ui/src/Components/ResumeSuggestions/ResumeSuggestions.jsx">
        <metrics statements="16" coveredstatements="9" conditionals="2" coveredconditionals="1" methods="5" coveredmethods="4"/>
        <line num="12" count="11" type="stmt"/>
        <line num="13" count="10" type="stmt"/>
        <line num="16" count="10" type="stmt"/>
        <line num="17" count="3" type="stmt"/>
        <line num="19" count="10" type="stmt"/>
        <line num="20" count="3" type="stmt"/>
        <line num="22" count="10" type="stmt"/>
        <line num="23" count="10" type="stmt"/>
        <line num="24" count="0" type="stmt"/>
        <line num="25" count="0" type="stmt"/>
        <line num="26" count="0" type="stmt"/>
        <line num="27" count="0" type="stmt"/>
        <line num="28" count="0" type="stmt"/>
        <line num="29" count="0" type="stmt"/>
        <line num="30" count="0" type="stmt"/>
        <line num="32" count="10" type="stmt"/>
      </file>
    </package>
    <package name="src.Components.SavedJobs">
      <metrics statements="54" coveredstatements="27" conditionals="9" coveredconditionals="7" methods="29" coveredmethods="13"/>
      <file name="AddSavedJob.jsx" path="/Users/varunmk/Desktop/jobtrackr/ui/src/Components/SavedJobs/AddSavedJob.jsx">
        <metrics statements="13" coveredstatements="12" conditionals="0" coveredconditionals="0" methods="6" coveredmethods="5"/>
        <line num="8" count="6" type="stmt"/>
        <line num="9" count="6" type="stmt"/>
        <line num="11" count="6" type="stmt"/>
        <line num="12" count="2" type="stmt"/>
        <line num="13" count="2" type="stmt"/>
        <line num="16" count="6" type="stmt"/>
        <line num="17" count="1" type="stmt"/>
        <line num="20" count="1" type="stmt"/>
        <line num="21" count="1" type="stmt"/>
        <line num="22" count="1" type="stmt"/>
        <line num="24" count="0" type="stmt"/>
        <line num="27" count="6" type="stmt"/>
        <line num="38" count="1" type="stmt"/>
      </file>
      <file name="EditSavedJob.jsx" path="/Users/varunmk/Desktop/jobtrackr/ui/src/Components/SavedJobs/EditSavedJob.jsx">
        <metrics statements="21" coveredstatements="0" conditionals="0" coveredconditionals="0" methods="10" coveredmethods="0"/>
        <line num="9" count="0" type="stmt"/>
        <line num="10" count="0" type="stmt"/>
        <line num="12" count="0" type="stmt"/>
        <line num="13" count="0" type="stmt"/>
        <line num="14" count="0" type="stmt"/>
        <line num="16" count="0" type="stmt"/>
        <line num="17" count="0" type="stmt"/>
        <line num="18" count="0" type="stmt"/>
        <line num="29" count="0" type="stmt"/>
        <line num="30" count="0" type="stmt"/>
        <line num="32" count="0" type="stmt"/>
        <line num="34" count="0" type="stmt"/>
        <line num="35" count="0" type="stmt"/>
        <line num="38" count="0" type="stmt"/>
        <line num="39" count="0" type="stmt"/>
        <line num="42" count="0" type="stmt"/>
        <line num="43" count="0" type="stmt"/>
        <line num="45" count="0" type="stmt"/>
        <line num="46" count="0" type="stmt"/>
        <line num="50" count="0" type="stmt"/>
        <line num="61" count="0" type="stmt"/>
      </file>
      <file name="SavedJobs.jsx" path="/Users/varunmk/Desktop/jobtrackr/ui/src/Components/SavedJobs/SavedJobs.jsx">
        <metrics statements="20" coveredstatements="15" conditionals="9" coveredconditionals="7" methods="13" coveredmethods="8"/>
        <line num="13" count="6" type="stmt"/>
        <line num="14" count="6" type="stmt"/>
        <line num="15" count="6" type="stmt"/>
        <line num="16" count="6" type="stmt"/>
        <line num="17" count="6" type="stmt"/>
        <line num="18" count="6" type="stmt"/>
        <line num="20" count="6" type="stmt"/>
        <line num="21" count="1" type="stmt"/>
        <line num="24" count="6" type="stmt"/>
        <line num="26" count="6" type="stmt"/>
        <line num="27" count="2" type="stmt"/>
        <line num="30" count="12" type="stmt"/>
        <line num="32" count="0" type="stmt"/>
        <line num="33" count="2" type="stmt"/>
        <line num="36" count="6" type="stmt"/>
        <line num="56" count="0" type="stmt"/>
        <line num="65" count="0" type="stmt"/>
        <line num="79" count="5" type="stmt"/>
        <line num="87" count="0" type="stmt"/>
        <line num="106" count="0" type="stmt"/>
      </file>
    </package>
  </project>
</coverage>
