{"/Users/varunmk/Desktop/jobtrackr/ui/src/App.jsx": {"path":"/Users/varunmk/Desktop/jobtrackr/ui/src/App.jsx","statementMap":{"0":{"start":{"line":20,"column":28},"end":{"line":20,"column":34}},"1":{"start":{"line":22,"column":22},"end":{"line":29,"column":1}},"2":{"start":{"line":32,"column":29},"end":{"line":32,"column":42}},"3":{"start":{"line":33,"column":41},"end":{"line":33,"column":59}},"4":{"start":{"line":34,"column":18},"end":{"line":34,"column":31}},"5":{"start":{"line":36,"column":1},"end":{"line":43,"column":23}},"6":{"start":{"line":37,"column":2},"end":{"line":41,"column":3}},"7":{"start":{"line":38,"column":3},"end":{"line":38,"column":22}},"8":{"start":{"line":39,"column":9},"end":{"line":41,"column":3}},"9":{"start":{"line":40,"column":3},"end":{"line":40,"column":32}},"10":{"start":{"line":42,"column":2},"end":{"line":42,"column":28}},"11":{"start":{"line":45,"column":20},"end":{"line":48,"column":2}},"12":{"start":{"line":46,"column":2},"end":{"line":46,"column":27}},"13":{"start":{"line":47,"column":2},"end":{"line":47,"column":23}},"14":{"start":{"line":50,"column":16},"end":{"line":53,"column":2}},"15":{"start":{"line":51,"column":2},"end":{"line":51,"column":65}},"16":{"start":{"line":52,"column":2},"end":{"line":52,"column":54}},"17":{"start":{"line":55,"column":1},"end":{"line":118,"column":2}},"18":{"start":{"line":56,"column":2},"end":{"line":117,"column":4}},"19":{"start":{"line":64,"column":53},"end":{"line":68,"column":8}},"20":{"start":{"line":120,"column":1},"end":{"line":126,"column":3}}},"fnMap":{"0":{"name":"App","decl":{"start":{"line":31,"column":24},"end":{"line":31,"column":27}},"loc":{"start":{"line":31,"column":30},"end":{"line":127,"column":1}},"line":31},"1":{"name":"(anonymous_1)","decl":{"start":{"line":36,"column":11},"end":{"line":36,"column":12}},"loc":{"start":{"line":36,"column":17},"end":{"line":43,"column":2}},"line":36},"2":{"name":"(anonymous_2)","decl":{"start":{"line":45,"column":20},"end":{"line":45,"column":21}},"loc":{"start":{"line":45,"column":33},"end":{"line":48,"column":2}},"line":45},"3":{"name":"(anonymous_3)","decl":{"start":{"line":50,"column":16},"end":{"line":50,"column":17}},"loc":{"start":{"line":50,"column":22},"end":{"line":53,"column":2}},"line":50},"4":{"name":"(anonymous_4)","decl":{"start":{"line":64,"column":45},"end":{"line":64,"column":46}},"loc":{"start":{"line":64,"column":53},"end":{"line":68,"column":8}},"line":64}},"branchMap":{"0":{"loc":{"start":{"line":37,"column":2},"end":{"line":41,"column":3}},"type":"if","locations":[{"start":{"line":37,"column":2},"end":{"line":41,"column":3}},{"start":{"line":39,"column":9},"end":{"line":41,"column":3}}],"line":37},"1":{"loc":{"start":{"line":37,"column":6},"end":{"line":37,"column":77}},"type":"binary-expr","locations":[{"start":{"line":37,"column":7},"end":{"line":37,"column":13}},{"start":{"line":37,"column":17},"end":{"line":37,"column":29}},{"start":{"line":37,"column":34},"end":{"line":37,"column":77}}],"line":37},"2":{"loc":{"start":{"line":39,"column":9},"end":{"line":41,"column":3}},"type":"if","locations":[{"start":{"line":39,"column":9},"end":{"line":41,"column":3}},{"start":{},"end":{}}],"line":39},"3":{"loc":{"start":{"line":39,"column":13},"end":{"line":39,"column":79}},"type":"binary-expr","locations":[{"start":{"line":39,"column":13},"end":{"line":39,"column":18}},{"start":{"line":39,"column":22},"end":{"line":39,"column":33}},{"start":{"line":39,"column":37},"end":{"line":39,"column":79}}],"line":39},"4":{"loc":{"start":{"line":55,"column":1},"end":{"line":118,"column":2}},"type":"if","locations":[{"start":{"line":55,"column":1},"end":{"line":118,"column":2}},{"start":{},"end":{}}],"line":55},"5":{"loc":{"start":{"line":55,"column":5},"end":{"line":55,"column":25}},"type":"binary-expr","locations":[{"start":{"line":55,"column":5},"end":{"line":55,"column":10}},{"start":{"line":55,"column":14},"end":{"line":55,"column":25}}],"line":55}},"s":{"0":1,"1":1,"2":35,"3":34,"4":34,"5":34,"6":25,"7":2,"8":23,"9":1,"10":25,"11":34,"12":6,"13":6,"14":34,"15":0,"16":0,"17":34,"18":26,"19":156,"20":8},"f":{"0":35,"1":25,"2":6,"3":0,"4":156},"b":{"0":[2,23],"1":[25,19,6],"2":[1,22],"3":[23,19,19],"4":[26,8],"5":[34,26]},"_coverageSchema":"1a1c01bbd47fc00a2c39e90264f33305004495a9","hash":"9b280a106d32cb4f0b9949e61aac6e5240b4754d"}
,"/Users/varunmk/Desktop/jobtrackr/ui/src/config.js": {"path":"/Users/varunmk/Desktop/jobtrackr/ui/src/config.js","statementMap":{"0":{"start":{"line":1,"column":15},"end":{"line":6,"column":1}}},"fnMap":{},"branchMap":{},"s":{"0":1},"f":{},"b":{},"_coverageSchema":"1a1c01bbd47fc00a2c39e90264f33305004495a9","hash":"7d2eaf2b356f51084a33eedbcd8b251d70a2f7ea"}
,"/Users/varunmk/Desktop/jobtrackr/ui/src/Components/AddApplication/AddApplication.jsx": {"path":"/Users/varunmk/Desktop/jobtrackr/ui/src/Components/AddApplication/AddApplication.jsx","statementMap":{"0":{"start":{"line":8,"column":17},"end":{"line":14,"column":1}},"1":{"start":{"line":17,"column":16},"end":{"line":17,"column":30}},"2":{"start":{"line":18,"column":19},"end":{"line":18,"column":32}},"3":{"start":{"line":20,"column":19},"end":{"line":23,"column":2}},"4":{"start":{"line":21,"column":2},"end":{"line":21,"column":21}},"5":{"start":{"line":22,"column":2},"end":{"line":22,"column":12}},"6":{"start":{"line":25,"column":14},"end":{"line":34,"column":2}},"7":{"start":{"line":26,"column":2},"end":{"line":33,"column":60}},"8":{"start":{"line":29,"column":4},"end":{"line":29,"column":34}},"9":{"start":{"line":30,"column":4},"end":{"line":30,"column":25}},"10":{"start":{"line":31,"column":4},"end":{"line":31,"column":16}},"11":{"start":{"line":33,"column":19},"end":{"line":33,"column":58}},"12":{"start":{"line":36,"column":1},"end":{"line":156,"column":3}},"13":{"start":{"line":47,"column":42},"end":{"line":47,"column":55}},"14":{"start":{"line":148,"column":7},"end":{"line":150,"column":23}}},"fnMap":{"0":{"name":"AddApplication","decl":{"start":{"line":16,"column":24},"end":{"line":16,"column":38}},"loc":{"start":{"line":16,"column":80},"end":{"line":157,"column":1}},"line":16},"1":{"name":"(anonymous_1)","decl":{"start":{"line":20,"column":19},"end":{"line":20,"column":20}},"loc":{"start":{"line":20,"column":25},"end":{"line":23,"column":2}},"line":20},"2":{"name":"(anonymous_2)","decl":{"start":{"line":25,"column":14},"end":{"line":25,"column":15}},"loc":{"start":{"line":25,"column":26},"end":{"line":34,"column":2}},"line":25},"3":{"name":"(anonymous_3)","decl":{"start":{"line":28,"column":9},"end":{"line":28,"column":10}},"loc":{"start":{"line":28,"column":23},"end":{"line":32,"column":4}},"line":28},"4":{"name":"(anonymous_4)","decl":{"start":{"line":33,"column":10},"end":{"line":33,"column":11}},"loc":{"start":{"line":33,"column":19},"end":{"line":33,"column":58}},"line":33},"5":{"name":"(anonymous_5)","decl":{"start":{"line":47,"column":36},"end":{"line":47,"column":37}},"loc":{"start":{"line":47,"column":42},"end":{"line":47,"column":55}},"line":47},"6":{"name":"(anonymous_6)","decl":{"start":{"line":147,"column":33},"end":{"line":147,"column":34}},"loc":{"start":{"line":148,"column":7},"end":{"line":150,"column":23}},"line":148}},"branchMap":{},"s":{"0":1,"1":24,"2":24,"3":24,"4":2,"5":2,"6":24,"7":1,"8":1,"9":1,"10":1,"11":0,"12":24,"13":1,"14":120},"f":{"0":24,"1":2,"2":1,"3":1,"4":0,"5":1,"6":120},"b":{},"_coverageSchema":"1a1c01bbd47fc00a2c39e90264f33305004495a9","hash":"0c9292f1057bbb7a9b79481de0265d0ad585861b"}
,"/Users/varunmk/Desktop/jobtrackr/ui/src/Components/AddApplication/ApplicationCard.jsx": {"path":"/Users/varunmk/Desktop/jobtrackr/ui/src/Components/AddApplication/ApplicationCard.jsx","statementMap":{"0":{"start":{"line":11,"column":20},"end":{"line":17,"column":5}},"1":{"start":{"line":19,"column":36},"end":{"line":38,"column":5}},"2":{"start":{"line":20,"column":8},"end":{"line":37,"column":64}},"3":{"start":{"line":34,"column":12},"end":{"line":34,"column":42}},"4":{"start":{"line":35,"column":12},"end":{"line":35,"column":22}},"5":{"start":{"line":37,"column":24},"end":{"line":37,"column":63}},"6":{"start":{"line":40,"column":4},"end":{"line":102,"column":6}},"7":{"start":{"line":50,"column":35},"end":{"line":50,"column":57}},"8":{"start":{"line":87,"column":77},"end":{"line":87,"column":107}},"9":{"start":{"line":91,"column":28},"end":{"line":93,"column":44}}},"fnMap":{"0":{"name":"ApplicationCard","decl":{"start":{"line":9,"column":9},"end":{"line":9,"column":24}},"loc":{"start":{"line":9,"column":67},"end":{"line":103,"column":1}},"line":9},"1":{"name":"(anonymous_1)","decl":{"start":{"line":19,"column":36},"end":{"line":19,"column":37}},"loc":{"start":{"line":19,"column":54},"end":{"line":38,"column":5}},"line":19},"2":{"name":"(anonymous_2)","decl":{"start":{"line":33,"column":14},"end":{"line":33,"column":15}},"loc":{"start":{"line":33,"column":28},"end":{"line":36,"column":9}},"line":33},"3":{"name":"(anonymous_3)","decl":{"start":{"line":37,"column":15},"end":{"line":37,"column":16}},"loc":{"start":{"line":37,"column":24},"end":{"line":37,"column":63}},"line":37},"4":{"name":"(anonymous_4)","decl":{"start":{"line":50,"column":29},"end":{"line":50,"column":30}},"loc":{"start":{"line":50,"column":35},"end":{"line":50,"column":57}},"line":50},"5":{"name":"(anonymous_5)","decl":{"start":{"line":87,"column":66},"end":{"line":87,"column":67}},"loc":{"start":{"line":87,"column":77},"end":{"line":87,"column":107}},"line":87},"6":{"name":"(anonymous_6)","decl":{"start":{"line":90,"column":24},"end":{"line":90,"column":25}},"loc":{"start":{"line":91,"column":28},"end":{"line":93,"column":44}},"line":91}},"branchMap":{"0":{"loc":{"start":{"line":58,"column":16},"end":{"line":68,"column":17}},"type":"binary-expr","locations":[{"start":{"line":58,"column":16},"end":{"line":60,"column":17}},{"start":{"line":60,"column":21},"end":{"line":68,"column":17}}],"line":58},"1":{"loc":{"start":{"line":61,"column":20},"end":{"line":67,"column":21}},"type":"cond-expr","locations":[{"start":{"line":62,"column":24},"end":{"line":62,"column":59}},{"start":{"line":64,"column":24},"end":{"line":66,"column":25}}],"line":61},"2":{"loc":{"start":{"line":64,"column":24},"end":{"line":66,"column":25}},"type":"binary-expr","locations":[{"start":{"line":64,"column":24},"end":{"line":64,"column":57}},{"start":{"line":65,"column":28},"end":{"line":65,"column":60}}],"line":64}},"s":{"0":65,"1":65,"2":0,"3":0,"4":0,"5":0,"6":65,"7":1,"8":0,"9":325},"f":{"0":65,"1":0,"2":0,"3":0,"4":1,"5":0,"6":325},"b":{"0":[65,26],"1":[13,13],"2":[13,13]},"_coverageSchema":"1a1c01bbd47fc00a2c39e90264f33305004495a9","hash":"eb9bea1569897e497efedea44e580ff81fe9953d"}
,"/Users/varunmk/Desktop/jobtrackr/ui/src/Components/AddApplication/EditApplication.jsx": {"path":"/Users/varunmk/Desktop/jobtrackr/ui/src/Components/AddApplication/EditApplication.jsx","statementMap":{"0":{"start":{"line":7,"column":17},"end":{"line":13,"column":1}},"1":{"start":{"line":16,"column":16},"end":{"line":16,"column":30}},"2":{"start":{"line":18,"column":19},"end":{"line":21,"column":2}},"3":{"start":{"line":19,"column":2},"end":{"line":19,"column":21}},"4":{"start":{"line":20,"column":2},"end":{"line":20,"column":12}},"5":{"start":{"line":22,"column":27},"end":{"line":39,"column":2}},"6":{"start":{"line":23,"column":18},"end":{"line":23,"column":49}},"7":{"start":{"line":24,"column":2},"end":{"line":38,"column":6}},"8":{"start":{"line":31,"column":4},"end":{"line":31,"column":34}},"9":{"start":{"line":32,"column":4},"end":{"line":32,"column":25}},"10":{"start":{"line":34,"column":19},"end":{"line":34,"column":58}},"11":{"start":{"line":36,"column":4},"end":{"line":36,"column":14}},"12":{"start":{"line":37,"column":4},"end":{"line":37,"column":16}},"13":{"start":{"line":41,"column":27},"end":{"line":50,"column":2}},"14":{"start":{"line":42,"column":2},"end":{"line":48,"column":60}},"15":{"start":{"line":45,"column":4},"end":{"line":45,"column":34}},"16":{"start":{"line":46,"column":4},"end":{"line":46,"column":25}},"17":{"start":{"line":48,"column":19},"end":{"line":48,"column":58}},"18":{"start":{"line":49,"column":2},"end":{"line":49,"column":14}},"19":{"start":{"line":52,"column":1},"end":{"line":187,"column":3}},"20":{"start":{"line":63,"column":42},"end":{"line":63,"column":55}},"21":{"start":{"line":179,"column":7},"end":{"line":181,"column":23}}},"fnMap":{"0":{"name":"EditApplication","decl":{"start":{"line":15,"column":24},"end":{"line":15,"column":39}},"loc":{"start":{"line":15,"column":93},"end":{"line":188,"column":1}},"line":15},"1":{"name":"(anonymous_1)","decl":{"start":{"line":18,"column":19},"end":{"line":18,"column":20}},"loc":{"start":{"line":18,"column":25},"end":{"line":21,"column":2}},"line":18},"2":{"name":"(anonymous_2)","decl":{"start":{"line":22,"column":27},"end":{"line":22,"column":28}},"loc":{"start":{"line":22,"column":39},"end":{"line":39,"column":2}},"line":22},"3":{"name":"(anonymous_3)","decl":{"start":{"line":30,"column":9},"end":{"line":30,"column":10}},"loc":{"start":{"line":30,"column":23},"end":{"line":33,"column":4}},"line":30},"4":{"name":"(anonymous_4)","decl":{"start":{"line":34,"column":10},"end":{"line":34,"column":11}},"loc":{"start":{"line":34,"column":19},"end":{"line":34,"column":58}},"line":34},"5":{"name":"(anonymous_5)","decl":{"start":{"line":35,"column":12},"end":{"line":35,"column":13}},"loc":{"start":{"line":35,"column":18},"end":{"line":38,"column":4}},"line":35},"6":{"name":"(anonymous_6)","decl":{"start":{"line":41,"column":27},"end":{"line":41,"column":28}},"loc":{"start":{"line":41,"column":33},"end":{"line":50,"column":2}},"line":41},"7":{"name":"(anonymous_7)","decl":{"start":{"line":44,"column":9},"end":{"line":44,"column":10}},"loc":{"start":{"line":44,"column":23},"end":{"line":47,"column":4}},"line":44},"8":{"name":"(anonymous_8)","decl":{"start":{"line":48,"column":10},"end":{"line":48,"column":11}},"loc":{"start":{"line":48,"column":19},"end":{"line":48,"column":58}},"line":48},"9":{"name":"(anonymous_9)","decl":{"start":{"line":63,"column":36},"end":{"line":63,"column":37}},"loc":{"start":{"line":63,"column":42},"end":{"line":63,"column":55}},"line":63},"10":{"name":"(anonymous_10)","decl":{"start":{"line":178,"column":33},"end":{"line":178,"column":34}},"loc":{"start":{"line":179,"column":7},"end":{"line":181,"column":23}},"line":179}},"branchMap":{"0":{"loc":{"start":{"line":78,"column":13},"end":{"line":78,"column":75}},"type":"cond-expr","locations":[{"start":{"line":78,"column":45},"end":{"line":78,"column":63}},{"start":{"line":78,"column":66},"end":{"line":78,"column":75}}],"line":78},"1":{"loc":{"start":{"line":79,"column":11},"end":{"line":79,"column":116}},"type":"cond-expr","locations":[{"start":{"line":79,"column":72},"end":{"line":79,"column":90}},{"start":{"line":79,"column":92},"end":{"line":79,"column":116}}],"line":79},"2":{"loc":{"start":{"line":79,"column":11},"end":{"line":79,"column":68}},"type":"binary-expr","locations":[{"start":{"line":79,"column":11},"end":{"line":79,"column":35}},{"start":{"line":79,"column":39},"end":{"line":79,"column":68}}],"line":79}},"s":{"0":1,"1":3,"2":3,"3":3,"4":3,"5":3,"6":1,"7":1,"8":1,"9":1,"10":0,"11":1,"12":1,"13":3,"14":2,"15":2,"16":2,"17":0,"18":2,"19":3,"20":1,"21":15},"f":{"0":3,"1":3,"2":1,"3":1,"4":0,"5":1,"6":2,"7":2,"8":0,"9":1,"10":15},"b":{"0":[3,0],"1":[1,2],"2":[3,2]},"_coverageSchema":"1a1c01bbd47fc00a2c39e90264f33305004495a9","hash":"ec2ad166d6403d91edf4a258bdc5ea61e88f32d3"}
,"/Users/varunmk/Desktop/jobtrackr/ui/src/Components/CoverLetter/CoverLetter.jsx": {"path":"/Users/varunmk/Desktop/jobtrackr/ui/src/Components/CoverLetter/CoverLetter.jsx","statementMap":{"0":{"start":{"line":10,"column":19},"end":{"line":10,"column":25}},"1":{"start":{"line":13,"column":39},"end":{"line":13,"column":51}},"2":{"start":{"line":14,"column":51},"end":{"line":14,"column":66}},"3":{"start":{"line":15,"column":45},"end":{"line":15,"column":59}},"4":{"start":{"line":16,"column":19},"end":{"line":16,"column":32}},"5":{"start":{"line":18,"column":1},"end":{"line":20,"column":8}},"6":{"start":{"line":19,"column":2},"end":{"line":19,"column":24}},"7":{"start":{"line":22,"column":27},"end":{"line":24,"column":2}},"8":{"start":{"line":23,"column":2},"end":{"line":23,"column":25}},"9":{"start":{"line":26,"column":31},"end":{"line":26,"column":77}},"10":{"start":{"line":26,"column":37},"end":{"line":26,"column":77}},"11":{"start":{"line":28,"column":29},"end":{"line":42,"column":2}},"12":{"start":{"line":31,"column":20},"end":{"line":31,"column":76}},"13":{"start":{"line":32,"column":25},"end":{"line":32,"column":63}},"14":{"start":{"line":34,"column":15},"end":{"line":34,"column":86}},"15":{"start":{"line":35,"column":16},"end":{"line":35,"column":43}},"16":{"start":{"line":36,"column":3},"end":{"line":36,"column":19}},"17":{"start":{"line":37,"column":3},"end":{"line":37,"column":66}},"18":{"start":{"line":38,"column":3},"end":{"line":38,"column":35}},"19":{"start":{"line":39,"column":3},"end":{"line":39,"column":16}},"20":{"start":{"line":40,"column":3},"end":{"line":40,"column":35}},"21":{"start":{"line":44,"column":1},"end":{"line":93,"column":3}}},"fnMap":{"0":{"name":"Coverletter","decl":{"start":{"line":12,"column":24},"end":{"line":12,"column":35}},"loc":{"start":{"line":12,"column":38},"end":{"line":94,"column":1}},"line":12},"1":{"name":"(anonymous_1)","decl":{"start":{"line":18,"column":11},"end":{"line":18,"column":12}},"loc":{"start":{"line":18,"column":17},"end":{"line":20,"column":2}},"line":18},"2":{"name":"(anonymous_2)","decl":{"start":{"line":22,"column":27},"end":{"line":22,"column":28}},"loc":{"start":{"line":22,"column":39},"end":{"line":24,"column":2}},"line":22},"3":{"name":"(anonymous_3)","decl":{"start":{"line":26,"column":31},"end":{"line":26,"column":32}},"loc":{"start":{"line":26,"column":37},"end":{"line":26,"column":77}},"line":26},"4":{"name":"(anonymous_4)","decl":{"start":{"line":28,"column":29},"end":{"line":28,"column":30}},"loc":{"start":{"line":28,"column":35},"end":{"line":42,"column":2}},"line":28}},"branchMap":{"0":{"loc":{"start":{"line":31,"column":20},"end":{"line":31,"column":76}},"type":"cond-expr","locations":[{"start":{"line":31,"column":46},"end":{"line":31,"column":61}},{"start":{"line":31,"column":64},"end":{"line":31,"column":76}}],"line":31},"1":{"loc":{"start":{"line":32,"column":25},"end":{"line":32,"column":63}},"type":"cond-expr","locations":[{"start":{"line":32,"column":51},"end":{"line":32,"column":55}},{"start":{"line":32,"column":58},"end":{"line":32,"column":63}}],"line":32},"2":{"loc":{"start":{"line":64,"column":6},"end":{"line":89,"column":6}},"type":"cond-expr","locations":[{"start":{"line":65,"column":6},"end":{"line":86,"column":9}},{"start":{"line":88,"column":6},"end":{"line":88,"column":59}}],"line":64}},"s":{"0":1,"1":11,"2":10,"3":10,"4":10,"5":10,"6":3,"7":10,"8":3,"9":10,"10":4,"11":10,"12":0,"13":0,"14":0,"15":0,"16":0,"17":0,"18":0,"19":0,"20":0,"21":10},"f":{"0":11,"1":3,"2":3,"3":4,"4":0},"b":{"0":[0,0],"1":[0,0],"2":[0,10]},"_coverageSchema":"1a1c01bbd47fc00a2c39e90264f33305004495a9","hash":"eacab6ed7001002458066a00890b8163f12f3a9a"}
,"/Users/varunmk/Desktop/jobtrackr/ui/src/Components/CoverLetter/MakeCoverLetter.jsx": {"path":"/Users/varunmk/Desktop/jobtrackr/ui/src/Components/CoverLetter/MakeCoverLetter.jsx","statementMap":{"0":{"start":{"line":9,"column":19},"end":{"line":9,"column":33}},"1":{"start":{"line":10,"column":22},"end":{"line":10,"column":35}},"2":{"start":{"line":11,"column":47},"end":{"line":11,"column":62}},"3":{"start":{"line":12,"column":30},"end":{"line":12,"column":42}},"4":{"start":{"line":13,"column":44},"end":{"line":13,"column":56}},"5":{"start":{"line":14,"column":4},"end":{"line":16,"column":8}},"6":{"start":{"line":15,"column":2},"end":{"line":15,"column":16}},"7":{"start":{"line":17,"column":21},"end":{"line":24,"column":2}},"8":{"start":{"line":18,"column":8},"end":{"line":18,"column":33}},"9":{"start":{"line":19,"column":2},"end":{"line":23,"column":54}},"10":{"start":{"line":21,"column":23},"end":{"line":21,"column":71}},"11":{"start":{"line":22,"column":19},"end":{"line":22,"column":35}},"12":{"start":{"line":23,"column":27},"end":{"line":23,"column":52}},"13":{"start":{"line":25,"column":22},"end":{"line":28,"column":5}},"14":{"start":{"line":26,"column":8},"end":{"line":26,"column":27}},"15":{"start":{"line":27,"column":8},"end":{"line":27,"column":18}},"16":{"start":{"line":29,"column":31},"end":{"line":31,"column":5}},"17":{"start":{"line":30,"column":8},"end":{"line":30,"column":31}},"18":{"start":{"line":32,"column":17},"end":{"line":43,"column":5}},"19":{"start":{"line":33,"column":8},"end":{"line":33,"column":33}},"20":{"start":{"line":34,"column":8},"end":{"line":42,"column":54}},"21":{"start":{"line":37,"column":16},"end":{"line":37,"column":46}},"22":{"start":{"line":38,"column":16},"end":{"line":38,"column":47}},"23":{"start":{"line":39,"column":16},"end":{"line":39,"column":28}},"24":{"start":{"line":41,"column":28},"end":{"line":41,"column":67}},"25":{"start":{"line":42,"column":27},"end":{"line":42,"column":52}},"26":{"start":{"line":45,"column":4},"end":{"line":98,"column":6}},"27":{"start":{"line":58,"column":32},"end":{"line":58,"column":46}},"28":{"start":{"line":58,"column":47},"end":{"line":58,"column":71}},"29":{"start":{"line":72,"column":16},"end":{"line":74,"column":25}}},"fnMap":{"0":{"name":"MakeCoverLetter","decl":{"start":{"line":8,"column":24},"end":{"line":8,"column":39}},"loc":{"start":{"line":8,"column":80},"end":{"line":99,"column":1}},"line":8},"1":{"name":"(anonymous_1)","decl":{"start":{"line":14,"column":14},"end":{"line":14,"column":15}},"loc":{"start":{"line":14,"column":20},"end":{"line":16,"column":2}},"line":14},"2":{"name":"(anonymous_2)","decl":{"start":{"line":17,"column":21},"end":{"line":17,"column":22}},"loc":{"start":{"line":17,"column":27},"end":{"line":24,"column":2}},"line":17},"3":{"name":"(anonymous_3)","decl":{"start":{"line":21,"column":9},"end":{"line":21,"column":10}},"loc":{"start":{"line":21,"column":23},"end":{"line":21,"column":71}},"line":21},"4":{"name":"(anonymous_4)","decl":{"start":{"line":22,"column":10},"end":{"line":22,"column":11}},"loc":{"start":{"line":22,"column":19},"end":{"line":22,"column":35}},"line":22},"5":{"name":"(anonymous_5)","decl":{"start":{"line":23,"column":21},"end":{"line":23,"column":22}},"loc":{"start":{"line":23,"column":27},"end":{"line":23,"column":52}},"line":23},"6":{"name":"(anonymous_6)","decl":{"start":{"line":25,"column":22},"end":{"line":25,"column":23}},"loc":{"start":{"line":25,"column":28},"end":{"line":28,"column":5}},"line":25},"7":{"name":"(anonymous_7)","decl":{"start":{"line":29,"column":31},"end":{"line":29,"column":32}},"loc":{"start":{"line":29,"column":42},"end":{"line":31,"column":5}},"line":29},"8":{"name":"(anonymous_8)","decl":{"start":{"line":32,"column":17},"end":{"line":32,"column":18}},"loc":{"start":{"line":32,"column":29},"end":{"line":43,"column":5}},"line":32},"9":{"name":"(anonymous_9)","decl":{"start":{"line":36,"column":18},"end":{"line":36,"column":19}},"loc":{"start":{"line":36,"column":32},"end":{"line":40,"column":13}},"line":36},"10":{"name":"(anonymous_10)","decl":{"start":{"line":41,"column":19},"end":{"line":41,"column":20}},"loc":{"start":{"line":41,"column":28},"end":{"line":41,"column":67}},"line":41},"11":{"name":"(anonymous_11)","decl":{"start":{"line":42,"column":21},"end":{"line":42,"column":22}},"loc":{"start":{"line":42,"column":27},"end":{"line":42,"column":52}},"line":42},"12":{"name":"(anonymous_12)","decl":{"start":{"line":58,"column":25},"end":{"line":58,"column":26}},"loc":{"start":{"line":58,"column":31},"end":{"line":58,"column":72}},"line":58},"13":{"name":"(anonymous_13)","decl":{"start":{"line":71,"column":23},"end":{"line":71,"column":24}},"loc":{"start":{"line":72,"column":16},"end":{"line":74,"column":25}},"line":72}},"branchMap":{"0":{"loc":{"start":{"line":21,"column":23},"end":{"line":21,"column":71}},"type":"cond-expr","locations":[{"start":{"line":21,"column":36},"end":{"line":21,"column":56}},{"start":{"line":21,"column":59},"end":{"line":21,"column":71}}],"line":21},"1":{"loc":{"start":{"line":63,"column":13},"end":{"line":63,"column":45}},"type":"binary-expr","locations":[{"start":{"line":63,"column":13},"end":{"line":63,"column":28}},{"start":{"line":63,"column":32},"end":{"line":63,"column":45}}],"line":63},"2":{"loc":{"start":{"line":69,"column":22},"end":{"line":69,"column":59}},"type":"binary-expr","locations":[{"start":{"line":69,"column":22},"end":{"line":69,"column":40}},{"start":{"line":69,"column":44},"end":{"line":69,"column":59}}],"line":69}},"s":{"0":13,"1":13,"2":13,"3":13,"4":13,"5":13,"6":3,"7":13,"8":3,"9":3,"10":3,"11":0,"12":3,"13":13,"14":1,"15":1,"16":13,"17":0,"18":13,"19":0,"20":0,"21":0,"22":0,"23":0,"24":0,"25":0,"26":13,"27":0,"28":0,"29":0},"f":{"0":13,"1":3,"2":3,"3":3,"4":0,"5":3,"6":1,"7":0,"8":0,"9":0,"10":0,"11":0,"12":0,"13":0},"b":{"0":[0,3],"1":[13,3],"2":[13,0]},"_coverageSchema":"1a1c01bbd47fc00a2c39e90264f33305004495a9","hash":"3f07cbfaf4561e6c8861a61a5a17f493609f1c79"}
,"/Users/varunmk/Desktop/jobtrackr/ui/src/Components/LandingPage/LandingPage.jsx": {"path":"/Users/varunmk/Desktop/jobtrackr/ui/src/Components/LandingPage/LandingPage.jsx","statementMap":{"0":{"start":{"line":12,"column":16},"end":{"line":17,"column":1}},"1":{"start":{"line":20,"column":41},"end":{"line":20,"column":53}},"2":{"start":{"line":21,"column":31},"end":{"line":21,"column":45}},"3":{"start":{"line":22,"column":53},"end":{"line":22,"column":68}},"4":{"start":{"line":23,"column":47},"end":{"line":23,"column":62}},"5":{"start":{"line":24,"column":19},"end":{"line":24,"column":32}},"6":{"start":{"line":26,"column":1},"end":{"line":28,"column":8}},"7":{"start":{"line":27,"column":2},"end":{"line":27,"column":23}},"8":{"start":{"line":30,"column":28},"end":{"line":36,"column":2}},"9":{"start":{"line":31,"column":2},"end":{"line":35,"column":37}},"10":{"start":{"line":33,"column":23},"end":{"line":33,"column":57}},"11":{"start":{"line":34,"column":19},"end":{"line":34,"column":35}},"12":{"start":{"line":35,"column":18},"end":{"line":35,"column":35}},"13":{"start":{"line":38,"column":30},"end":{"line":38,"column":78}},"14":{"start":{"line":38,"column":36},"end":{"line":38,"column":78}},"15":{"start":{"line":40,"column":1},"end":{"line":95,"column":3}},"16":{"start":{"line":62,"column":5},"end":{"line":83,"column":11}},"17":{"start":{"line":73,"column":9},"end":{"line":79,"column":10}},"18":{"start":{"line":89,"column":20},"end":{"line":89,"column":45}}},"fnMap":{"0":{"name":"LandingPage","decl":{"start":{"line":19,"column":24},"end":{"line":19,"column":35}},"loc":{"start":{"line":19,"column":38},"end":{"line":96,"column":1}},"line":19},"1":{"name":"(anonymous_1)","decl":{"start":{"line":26,"column":11},"end":{"line":26,"column":12}},"loc":{"start":{"line":26,"column":17},"end":{"line":28,"column":2}},"line":26},"2":{"name":"(anonymous_2)","decl":{"start":{"line":30,"column":28},"end":{"line":30,"column":29}},"loc":{"start":{"line":30,"column":34},"end":{"line":36,"column":2}},"line":30},"3":{"name":"(anonymous_3)","decl":{"start":{"line":33,"column":9},"end":{"line":33,"column":10}},"loc":{"start":{"line":33,"column":23},"end":{"line":33,"column":57}},"line":33},"4":{"name":"(anonymous_4)","decl":{"start":{"line":34,"column":10},"end":{"line":34,"column":11}},"loc":{"start":{"line":34,"column":19},"end":{"line":34,"column":35}},"line":34},"5":{"name":"(anonymous_5)","decl":{"start":{"line":35,"column":12},"end":{"line":35,"column":13}},"loc":{"start":{"line":35,"column":18},"end":{"line":35,"column":35}},"line":35},"6":{"name":"(anonymous_6)","decl":{"start":{"line":38,"column":30},"end":{"line":38,"column":31}},"loc":{"start":{"line":38,"column":36},"end":{"line":38,"column":78}},"line":38},"7":{"name":"(anonymous_7)","decl":{"start":{"line":61,"column":30},"end":{"line":61,"column":31}},"loc":{"start":{"line":62,"column":5},"end":{"line":83,"column":11}},"line":62},"8":{"name":"(anonymous_8)","decl":{"start":{"line":72,"column":8},"end":{"line":72,"column":9}},"loc":{"start":{"line":73,"column":9},"end":{"line":79,"column":10}},"line":73},"9":{"name":"(anonymous_9)","decl":{"start":{"line":89,"column":14},"end":{"line":89,"column":15}},"loc":{"start":{"line":89,"column":20},"end":{"line":89,"column":45}},"line":89}},"branchMap":{"0":{"loc":{"start":{"line":64,"column":7},"end":{"line":81,"column":7}},"type":"cond-expr","locations":[{"start":{"line":65,"column":7},"end":{"line":69,"column":10}},{"start":{"line":71,"column":7},"end":{"line":80,"column":8}}],"line":64},"1":{"loc":{"start":{"line":73,"column":9},"end":{"line":79,"column":10}},"type":"binary-expr","locations":[{"start":{"line":73,"column":10},"end":{"line":73,"column":36}},{"start":{"line":74,"column":11},"end":{"line":74,"column":29}},{"start":{"line":75,"column":11},"end":{"line":77,"column":12}},{"start":{"line":78,"column":10},"end":{"line":78,"column":153}}],"line":73},"2":{"loc":{"start":{"line":82,"column":7},"end":{"line":82,"column":60}},"type":"binary-expr","locations":[{"start":{"line":82,"column":7},"end":{"line":82,"column":32}},{"start":{"line":82,"column":36},"end":{"line":82,"column":60}}],"line":82},"3":{"loc":{"start":{"line":86,"column":4},"end":{"line":93,"column":4}},"type":"binary-expr","locations":[{"start":{"line":86,"column":4},"end":{"line":86,"column":19}},{"start":{"line":87,"column":4},"end":{"line":92,"column":6}}],"line":86}},"s":{"0":1,"1":25,"2":24,"3":24,"4":24,"5":24,"6":24,"7":10,"8":24,"9":12,"10":12,"11":0,"12":12,"13":24,"14":4,"15":24,"16":96,"17":312,"18":1},"f":{"0":25,"1":10,"2":12,"3":12,"4":0,"5":12,"6":4,"7":96,"8":312,"9":1},"b":{"0":[44,52],"1":[312,273,78,65],"2":[96,44],"3":[24,1]},"_coverageSchema":"1a1c01bbd47fc00a2c39e90264f33305004495a9","hash":"2052874fccac3b9aa3c8df4172972c9d7976620f"}
,"/Users/varunmk/Desktop/jobtrackr/ui/src/Components/LoginPage/LoginPage.jsx": {"path":"/Users/varunmk/Desktop/jobtrackr/ui/src/Components/LoginPage/LoginPage.jsx","statementMap":{"0":{"start":{"line":10,"column":18},"end":{"line":10,"column":31}},"1":{"start":{"line":12,"column":18},"end":{"line":23,"column":2}},"2":{"start":{"line":13,"column":18},"end":{"line":13,"column":50}},"3":{"start":{"line":14,"column":2},"end":{"line":22,"column":29}},"4":{"start":{"line":17,"column":4},"end":{"line":17,"column":58}},"5":{"start":{"line":20,"column":4},"end":{"line":20,"column":44}},"6":{"start":{"line":22,"column":18},"end":{"line":22,"column":27}},"7":{"start":{"line":25,"column":1},"end":{"line":78,"column":3}}},"fnMap":{"0":{"name":"LoginPage","decl":{"start":{"line":9,"column":24},"end":{"line":9,"column":33}},"loc":{"start":{"line":9,"column":36},"end":{"line":79,"column":1}},"line":9},"1":{"name":"(anonymous_1)","decl":{"start":{"line":12,"column":18},"end":{"line":12,"column":19}},"loc":{"start":{"line":12,"column":30},"end":{"line":23,"column":2}},"line":12},"2":{"name":"(anonymous_2)","decl":{"start":{"line":16,"column":9},"end":{"line":16,"column":10}},"loc":{"start":{"line":16,"column":15},"end":{"line":18,"column":4}},"line":16},"3":{"name":"(anonymous_3)","decl":{"start":{"line":19,"column":10},"end":{"line":19,"column":11}},"loc":{"start":{"line":19,"column":19},"end":{"line":21,"column":4}},"line":19},"4":{"name":"(anonymous_4)","decl":{"start":{"line":22,"column":12},"end":{"line":22,"column":13}},"loc":{"start":{"line":22,"column":18},"end":{"line":22,"column":27}},"line":22}},"branchMap":{},"s":{"0":5,"1":5,"2":1,"3":1,"4":1,"5":0,"6":1,"7":5},"f":{"0":5,"1":1,"2":1,"3":0,"4":1},"b":{},"_coverageSchema":"1a1c01bbd47fc00a2c39e90264f33305004495a9","hash":"bd9b5b1909bc4be73d25c7dccdf25e41d41392a7"}
,"/Users/varunmk/Desktop/jobtrackr/ui/src/Components/ManageFiles/AddFile.jsx": {"path":"/Users/varunmk/Desktop/jobtrackr/ui/src/Components/ManageFiles/AddFile.jsx","statementMap":{"0":{"start":{"line":7,"column":20},"end":{"line":7,"column":26}},"1":{"start":{"line":11,"column":16},"end":{"line":11,"column":30}},"2":{"start":{"line":12,"column":19},"end":{"line":12,"column":32}},"3":{"start":{"line":13,"column":47},"end":{"line":13,"column":59}},"4":{"start":{"line":14,"column":19},"end":{"line":17,"column":2}},"5":{"start":{"line":15,"column":2},"end":{"line":15,"column":21}},"6":{"start":{"line":16,"column":2},"end":{"line":16,"column":12}},"7":{"start":{"line":18,"column":20},"end":{"line":41,"column":2}},"8":{"start":{"line":19,"column":42},"end":{"line":19,"column":49}},"9":{"start":{"line":20,"column":2},"end":{"line":20,"column":29}},"10":{"start":{"line":21,"column":17},"end":{"line":21,"column":31}},"11":{"start":{"line":22,"column":20},"end":{"line":27,"column":3}},"12":{"start":{"line":25,"column":4},"end":{"line":25,"column":64}},"13":{"start":{"line":28,"column":2},"end":{"line":28,"column":30}},"14":{"start":{"line":29,"column":15},"end":{"line":31,"column":4}},"15":{"start":{"line":32,"column":2},"end":{"line":32,"column":31}},"16":{"start":{"line":33,"column":2},"end":{"line":40,"column":18}},"17":{"start":{"line":34,"column":3},"end":{"line":39,"column":27}},"18":{"start":{"line":36,"column":16},"end":{"line":36,"column":29}},"19":{"start":{"line":37,"column":16},"end":{"line":37,"column":27}},"20":{"start":{"line":38,"column":16},"end":{"line":38,"column":38}},"21":{"start":{"line":42,"column":1},"end":{"line":70,"column":3}}},"fnMap":{"0":{"name":"AddFile","decl":{"start":{"line":10,"column":24},"end":{"line":10,"column":31}},"loc":{"start":{"line":10,"column":81},"end":{"line":71,"column":1}},"line":10},"1":{"name":"(anonymous_1)","decl":{"start":{"line":14,"column":19},"end":{"line":14,"column":20}},"loc":{"start":{"line":14,"column":25},"end":{"line":17,"column":2}},"line":14},"2":{"name":"(anonymous_2)","decl":{"start":{"line":18,"column":20},"end":{"line":18,"column":21}},"loc":{"start":{"line":18,"column":39},"end":{"line":41,"column":2}},"line":18},"3":{"name":"(anonymous_3)","decl":{"start":{"line":24,"column":21},"end":{"line":24,"column":22}},"loc":{"start":{"line":24,"column":32},"end":{"line":26,"column":4}},"line":24},"4":{"name":"(anonymous_4)","decl":{"start":{"line":36,"column":10},"end":{"line":36,"column":11}},"loc":{"start":{"line":36,"column":16},"end":{"line":36,"column":29}},"line":36},"5":{"name":"(anonymous_5)","decl":{"start":{"line":37,"column":10},"end":{"line":37,"column":11}},"loc":{"start":{"line":37,"column":16},"end":{"line":37,"column":27}},"line":37},"6":{"name":"(anonymous_6)","decl":{"start":{"line":38,"column":10},"end":{"line":38,"column":11}},"loc":{"start":{"line":38,"column":16},"end":{"line":38,"column":38}},"line":38}},"branchMap":{"0":{"loc":{"start":{"line":51,"column":4},"end":{"line":68,"column":4}},"type":"cond-expr","locations":[{"start":{"line":52,"column":4},"end":{"line":54,"column":10}},{"start":{"line":56,"column":4},"end":{"line":67,"column":14}}],"line":51}},"s":{"0":1,"1":0,"2":0,"3":0,"4":0,"5":0,"6":0,"7":0,"8":0,"9":0,"10":0,"11":0,"12":0,"13":0,"14":0,"15":0,"16":0,"17":0,"18":0,"19":0,"20":0,"21":0},"f":{"0":0,"1":0,"2":0,"3":0,"4":0,"5":0,"6":0},"b":{"0":[0,0]},"_coverageSchema":"1a1c01bbd47fc00a2c39e90264f33305004495a9","hash":"578f3949e6fcb2571952fa6ebd0e78ff6389fc2a"}
,"/Users/varunmk/Desktop/jobtrackr/ui/src/Components/ManageFiles/ManageFiles.jsx": {"path":"/Users/varunmk/Desktop/jobtrackr/ui/src/Components/ManageFiles/ManageFiles.jsx","statementMap":{"0":{"start":{"line":18,"column":45},"end":{"line":18,"column":60}},"1":{"start":{"line":19,"column":31},"end":{"line":19,"column":45}},"2":{"start":{"line":20,"column":47},"end":{"line":20,"column":62}},"3":{"start":{"line":21,"column":43},"end":{"line":21,"column":58}},"4":{"start":{"line":22,"column":27},"end":{"line":22,"column":39}},"5":{"start":{"line":23,"column":19},"end":{"line":23,"column":32}},"6":{"start":{"line":24,"column":1},"end":{"line":26,"column":8}},"7":{"start":{"line":25,"column":2},"end":{"line":25,"column":16}},"8":{"start":{"line":27,"column":21},"end":{"line":33,"column":2}},"9":{"start":{"line":28,"column":2},"end":{"line":32,"column":37}},"10":{"start":{"line":30,"column":23},"end":{"line":30,"column":43}},"11":{"start":{"line":31,"column":19},"end":{"line":31,"column":35}},"12":{"start":{"line":32,"column":18},"end":{"line":32,"column":35}},"13":{"start":{"line":34,"column":20},"end":{"line":50,"column":2}},"14":{"start":{"line":35,"column":2},"end":{"line":35,"column":27}},"15":{"start":{"line":36,"column":2},"end":{"line":49,"column":45}},"16":{"start":{"line":39,"column":16},"end":{"line":39,"column":69}},"17":{"start":{"line":40,"column":17},"end":{"line":40,"column":44}},"18":{"start":{"line":41,"column":4},"end":{"line":41,"column":20}},"19":{"start":{"line":42,"column":4},"end":{"line":42,"column":67}},"20":{"start":{"line":43,"column":4},"end":{"line":43,"column":36}},"21":{"start":{"line":44,"column":4},"end":{"line":44,"column":17}},"22":{"start":{"line":45,"column":4},"end":{"line":45,"column":36}},"23":{"start":{"line":46,"column":4},"end":{"line":46,"column":37}},"24":{"start":{"line":48,"column":19},"end":{"line":48,"column":35}},"25":{"start":{"line":49,"column":18},"end":{"line":49,"column":43}},"26":{"start":{"line":53,"column":22},"end":{"line":63,"column":2}},"27":{"start":{"line":54,"column":2},"end":{"line":54,"column":25}},"28":{"start":{"line":55,"column":2},"end":{"line":62,"column":37}},"29":{"start":{"line":58,"column":4},"end":{"line":58,"column":43}},"30":{"start":{"line":59,"column":4},"end":{"line":59,"column":18}},"31":{"start":{"line":61,"column":19},"end":{"line":61,"column":35}},"32":{"start":{"line":64,"column":23},"end":{"line":64,"column":63}},"33":{"start":{"line":64,"column":29},"end":{"line":64,"column":63}},"34":{"start":{"line":65,"column":1},"end":{"line":128,"column":3}},"35":{"start":{"line":100,"column":5},"end":{"line":123,"column":12}},"36":{"start":{"line":107,"column":23},"end":{"line":107,"column":41}},"37":{"start":{"line":118,"column":22},"end":{"line":118,"column":38}}},"fnMap":{"0":{"name":"ManageFiles","decl":{"start":{"line":17,"column":24},"end":{"line":17,"column":35}},"loc":{"start":{"line":17,"column":38},"end":{"line":129,"column":1}},"line":17},"1":{"name":"(anonymous_1)","decl":{"start":{"line":24,"column":11},"end":{"line":24,"column":12}},"loc":{"start":{"line":24,"column":17},"end":{"line":26,"column":2}},"line":24},"2":{"name":"(anonymous_2)","decl":{"start":{"line":27,"column":21},"end":{"line":27,"column":22}},"loc":{"start":{"line":27,"column":27},"end":{"line":33,"column":2}},"line":27},"3":{"name":"(anonymous_3)","decl":{"start":{"line":30,"column":9},"end":{"line":30,"column":10}},"loc":{"start":{"line":30,"column":23},"end":{"line":30,"column":43}},"line":30},"4":{"name":"(anonymous_4)","decl":{"start":{"line":31,"column":10},"end":{"line":31,"column":11}},"loc":{"start":{"line":31,"column":19},"end":{"line":31,"column":35}},"line":31},"5":{"name":"(anonymous_5)","decl":{"start":{"line":32,"column":12},"end":{"line":32,"column":13}},"loc":{"start":{"line":32,"column":18},"end":{"line":32,"column":35}},"line":32},"6":{"name":"(anonymous_6)","decl":{"start":{"line":34,"column":20},"end":{"line":34,"column":21}},"loc":{"start":{"line":34,"column":30},"end":{"line":50,"column":2}},"line":34},"7":{"name":"(anonymous_7)","decl":{"start":{"line":38,"column":9},"end":{"line":38,"column":10}},"loc":{"start":{"line":38,"column":23},"end":{"line":47,"column":4}},"line":38},"8":{"name":"(anonymous_8)","decl":{"start":{"line":48,"column":10},"end":{"line":48,"column":11}},"loc":{"start":{"line":48,"column":19},"end":{"line":48,"column":35}},"line":48},"9":{"name":"(anonymous_9)","decl":{"start":{"line":49,"column":12},"end":{"line":49,"column":13}},"loc":{"start":{"line":49,"column":18},"end":{"line":49,"column":43}},"line":49},"10":{"name":"(anonymous_10)","decl":{"start":{"line":53,"column":22},"end":{"line":53,"column":23}},"loc":{"start":{"line":53,"column":32},"end":{"line":63,"column":2}},"line":53},"11":{"name":"(anonymous_11)","decl":{"start":{"line":57,"column":9},"end":{"line":57,"column":10}},"loc":{"start":{"line":57,"column":23},"end":{"line":60,"column":4}},"line":57},"12":{"name":"(anonymous_12)","decl":{"start":{"line":61,"column":10},"end":{"line":61,"column":11}},"loc":{"start":{"line":61,"column":19},"end":{"line":61,"column":35}},"line":61},"13":{"name":"(anonymous_13)","decl":{"start":{"line":64,"column":23},"end":{"line":64,"column":24}},"loc":{"start":{"line":64,"column":29},"end":{"line":64,"column":63}},"line":64},"14":{"name":"(anonymous_14)","decl":{"start":{"line":99,"column":15},"end":{"line":99,"column":16}},"loc":{"start":{"line":100,"column":5},"end":{"line":123,"column":12}},"line":100},"15":{"name":"(anonymous_15)","decl":{"start":{"line":107,"column":17},"end":{"line":107,"column":18}},"loc":{"start":{"line":107,"column":23},"end":{"line":107,"column":41}},"line":107},"16":{"name":"(anonymous_16)","decl":{"start":{"line":118,"column":16},"end":{"line":118,"column":17}},"loc":{"start":{"line":118,"column":22},"end":{"line":118,"column":38}},"line":118}},"branchMap":{"0":{"loc":{"start":{"line":71,"column":21},"end":{"line":71,"column":83}},"type":"cond-expr","locations":[{"start":{"line":71,"column":41},"end":{"line":71,"column":67}},{"start":{"line":71,"column":70},"end":{"line":71,"column":83}}],"line":71},"1":{"loc":{"start":{"line":92,"column":5},"end":{"line":96,"column":5}},"type":"binary-expr","locations":[{"start":{"line":92,"column":5},"end":{"line":92,"column":12}},{"start":{"line":93,"column":5},"end":{"line":95,"column":8}}],"line":92},"2":{"loc":{"start":{"line":97,"column":5},"end":{"line":97,"column":37}},"type":"binary-expr","locations":[{"start":{"line":97,"column":5},"end":{"line":97,"column":20}},{"start":{"line":97,"column":24},"end":{"line":97,"column":37}}],"line":97},"3":{"loc":{"start":{"line":98,"column":5},"end":{"line":98,"column":35}},"type":"binary-expr","locations":[{"start":{"line":98,"column":5},"end":{"line":98,"column":18}},{"start":{"line":98,"column":22},"end":{"line":98,"column":35}}],"line":98},"4":{"loc":{"start":{"line":125,"column":5},"end":{"line":125,"column":48}},"type":"binary-expr","locations":[{"start":{"line":125,"column":5},"end":{"line":125,"column":23}},{"start":{"line":125,"column":27},"end":{"line":125,"column":35}},{"start":{"line":125,"column":39},"end":{"line":125,"column":48}}],"line":125}},"s":{"0":0,"1":0,"2":0,"3":0,"4":0,"5":0,"6":0,"7":0,"8":0,"9":0,"10":0,"11":0,"12":0,"13":0,"14":0,"15":0,"16":0,"17":0,"18":0,"19":0,"20":0,"21":0,"22":0,"23":0,"24":0,"25":0,"26":0,"27":0,"28":0,"29":0,"30":0,"31":0,"32":0,"33":0,"34":0,"35":0,"36":0,"37":0},"f":{"0":0,"1":0,"2":0,"3":0,"4":0,"5":0,"6":0,"7":0,"8":0,"9":0,"10":0,"11":0,"12":0,"13":0,"14":0,"15":0,"16":0},"b":{"0":[0,0],"1":[0,0],"2":[0,0],"3":[0,0],"4":[0,0,0]},"_coverageSchema":"1a1c01bbd47fc00a2c39e90264f33305004495a9","hash":"079500dd814c47ab2d457f9ae3a0e72c9c9709d6"}
,"/Users/varunmk/Desktop/jobtrackr/ui/src/Components/Profile/Profile.jsx": {"path":"/Users/varunmk/Desktop/jobtrackr/ui/src/Components/Profile/Profile.jsx","statementMap":{"0":{"start":{"line":9,"column":16},"end":{"line":9,"column":30}},"1":{"start":{"line":10,"column":31},"end":{"line":10,"column":45}},"2":{"start":{"line":11,"column":43},"end":{"line":11,"column":58}},"3":{"start":{"line":12,"column":19},"end":{"line":12,"column":32}},"4":{"start":{"line":13,"column":43},"end":{"line":13,"column":53}},"5":{"start":{"line":15,"column":1},"end":{"line":29,"column":8}},"6":{"start":{"line":16,"column":2},"end":{"line":28,"column":37}},"7":{"start":{"line":19,"column":4},"end":{"line":25,"column":5}},"8":{"start":{"line":20,"column":5},"end":{"line":20,"column":46}},"9":{"start":{"line":21,"column":5},"end":{"line":21,"column":29}},"10":{"start":{"line":23,"column":5},"end":{"line":23,"column":36}},"11":{"start":{"line":24,"column":5},"end":{"line":24,"column":28}},"12":{"start":{"line":27,"column":19},"end":{"line":27,"column":59}},"13":{"start":{"line":28,"column":18},"end":{"line":28,"column":35}},"14":{"start":{"line":31,"column":21},"end":{"line":38,"column":2}},"15":{"start":{"line":32,"column":18},"end":{"line":32,"column":50}},"16":{"start":{"line":33,"column":2},"end":{"line":37,"column":29}},"17":{"start":{"line":35,"column":15},"end":{"line":35,"column":50}},"18":{"start":{"line":36,"column":19},"end":{"line":36,"column":58}},"19":{"start":{"line":37,"column":18},"end":{"line":37,"column":27}},"20":{"start":{"line":40,"column":23},"end":{"line":49,"column":2}},"21":{"start":{"line":41,"column":2},"end":{"line":48,"column":37}},"22":{"start":{"line":43,"column":4},"end":{"line":46,"column":65}},"23":{"start":{"line":45,"column":17},"end":{"line":45,"column":52}},"24":{"start":{"line":46,"column":18},"end":{"line":46,"column":64}},"25":{"start":{"line":48,"column":19},"end":{"line":48,"column":35}},"26":{"start":{"line":51,"column":23},"end":{"line":56,"column":2}},"27":{"start":{"line":52,"column":2},"end":{"line":55,"column":64}},"28":{"start":{"line":54,"column":15},"end":{"line":54,"column":50}},"29":{"start":{"line":55,"column":16},"end":{"line":55,"column":62}},"30":{"start":{"line":58,"column":1},"end":{"line":206,"column":3}}},"fnMap":{"0":{"name":"Profile","decl":{"start":{"line":8,"column":24},"end":{"line":8,"column":31}},"loc":{"start":{"line":8,"column":34},"end":{"line":207,"column":1}},"line":8},"1":{"name":"(anonymous_1)","decl":{"start":{"line":15,"column":11},"end":{"line":15,"column":12}},"loc":{"start":{"line":15,"column":17},"end":{"line":29,"column":2}},"line":15},"2":{"name":"(anonymous_2)","decl":{"start":{"line":18,"column":9},"end":{"line":18,"column":10}},"loc":{"start":{"line":18,"column":23},"end":{"line":26,"column":4}},"line":18},"3":{"name":"(anonymous_3)","decl":{"start":{"line":27,"column":10},"end":{"line":27,"column":11}},"loc":{"start":{"line":27,"column":19},"end":{"line":27,"column":59}},"line":27},"4":{"name":"(anonymous_4)","decl":{"start":{"line":28,"column":12},"end":{"line":28,"column":13}},"loc":{"start":{"line":28,"column":18},"end":{"line":28,"column":35}},"line":28},"5":{"name":"(anonymous_5)","decl":{"start":{"line":31,"column":21},"end":{"line":31,"column":22}},"loc":{"start":{"line":31,"column":33},"end":{"line":38,"column":2}},"line":31},"6":{"name":"(anonymous_6)","decl":{"start":{"line":35,"column":9},"end":{"line":35,"column":10}},"loc":{"start":{"line":35,"column":15},"end":{"line":35,"column":50}},"line":35},"7":{"name":"(anonymous_7)","decl":{"start":{"line":36,"column":10},"end":{"line":36,"column":11}},"loc":{"start":{"line":36,"column":19},"end":{"line":36,"column":58}},"line":36},"8":{"name":"(anonymous_8)","decl":{"start":{"line":37,"column":12},"end":{"line":37,"column":13}},"loc":{"start":{"line":37,"column":18},"end":{"line":37,"column":27}},"line":37},"9":{"name":"(anonymous_9)","decl":{"start":{"line":40,"column":23},"end":{"line":40,"column":24}},"loc":{"start":{"line":40,"column":29},"end":{"line":49,"column":2}},"line":40},"10":{"name":"(anonymous_10)","decl":{"start":{"line":42,"column":9},"end":{"line":42,"column":10}},"loc":{"start":{"line":43,"column":4},"end":{"line":46,"column":65}},"line":43},"11":{"name":"(anonymous_11)","decl":{"start":{"line":45,"column":11},"end":{"line":45,"column":12}},"loc":{"start":{"line":45,"column":17},"end":{"line":45,"column":52}},"line":45},"12":{"name":"(anonymous_12)","decl":{"start":{"line":46,"column":12},"end":{"line":46,"column":13}},"loc":{"start":{"line":46,"column":18},"end":{"line":46,"column":64}},"line":46},"13":{"name":"(anonymous_13)","decl":{"start":{"line":48,"column":10},"end":{"line":48,"column":11}},"loc":{"start":{"line":48,"column":19},"end":{"line":48,"column":35}},"line":48},"14":{"name":"(anonymous_14)","decl":{"start":{"line":51,"column":23},"end":{"line":51,"column":24}},"loc":{"start":{"line":51,"column":29},"end":{"line":56,"column":2}},"line":51},"15":{"name":"(anonymous_15)","decl":{"start":{"line":54,"column":9},"end":{"line":54,"column":10}},"loc":{"start":{"line":54,"column":15},"end":{"line":54,"column":50}},"line":54},"16":{"name":"(anonymous_16)","decl":{"start":{"line":55,"column":10},"end":{"line":55,"column":11}},"loc":{"start":{"line":55,"column":16},"end":{"line":55,"column":62}},"line":55}},"branchMap":{"0":{"loc":{"start":{"line":19,"column":4},"end":{"line":25,"column":5}},"type":"if","locations":[{"start":{"line":19,"column":4},"end":{"line":25,"column":5}},{"start":{"line":22,"column":11},"end":{"line":25,"column":5}}],"line":19},"1":{"loc":{"start":{"line":61,"column":4},"end":{"line":204,"column":4}},"type":"cond-expr","locations":[{"start":{"line":62,"column":4},"end":{"line":62,"column":23}},{"start":{"line":64,"column":4},"end":{"line":203,"column":11}}],"line":61},"2":{"loc":{"start":{"line":176,"column":6},"end":{"line":202,"column":6}},"type":"cond-expr","locations":[{"start":{"line":177,"column":6},"end":{"line":195,"column":12}},{"start":{"line":197,"column":6},"end":{"line":201,"column":18}}],"line":176}},"s":{"0":0,"1":0,"2":0,"3":0,"4":0,"5":0,"6":0,"7":0,"8":0,"9":0,"10":0,"11":0,"12":0,"13":0,"14":0,"15":0,"16":0,"17":0,"18":0,"19":0,"20":0,"21":0,"22":0,"23":0,"24":0,"25":0,"26":0,"27":0,"28":0,"29":0,"30":0},"f":{"0":0,"1":0,"2":0,"3":0,"4":0,"5":0,"6":0,"7":0,"8":0,"9":0,"10":0,"11":0,"12":0,"13":0,"14":0,"15":0,"16":0},"b":{"0":[0,0],"1":[0,0],"2":[0,0]},"_coverageSchema":"1a1c01bbd47fc00a2c39e90264f33305004495a9","hash":"bd0bc7f7d4334fd421b9e923ce88238027ee0eca"}
,"/Users/varunmk/Desktop/jobtrackr/ui/src/Components/QA/AddQuestion.jsx": {"path":"/Users/varunmk/Desktop/jobtrackr/ui/src/Components/QA/AddQuestion.jsx","statementMap":{"0":{"start":{"line":8,"column":19},"end":{"line":8,"column":33}},"1":{"start":{"line":9,"column":22},"end":{"line":9,"column":35}},"2":{"start":{"line":11,"column":22},"end":{"line":14,"column":5}},"3":{"start":{"line":12,"column":8},"end":{"line":12,"column":27}},"4":{"start":{"line":13,"column":8},"end":{"line":13,"column":18}},"5":{"start":{"line":16,"column":17},"end":{"line":25,"column":5}},"6":{"start":{"line":17,"column":8},"end":{"line":24,"column":69}},"7":{"start":{"line":20,"column":16},"end":{"line":20,"column":46}},"8":{"start":{"line":21,"column":16},"end":{"line":21,"column":34}},"9":{"start":{"line":22,"column":16},"end":{"line":22,"column":28}},"10":{"start":{"line":24,"column":28},"end":{"line":24,"column":67}},"11":{"start":{"line":27,"column":4},"end":{"line":63,"column":6}},"12":{"start":{"line":38,"column":54},"end":{"line":38,"column":67}}},"fnMap":{"0":{"name":"AddQuestion","decl":{"start":{"line":7,"column":24},"end":{"line":7,"column":35}},"loc":{"start":{"line":7,"column":74},"end":{"line":64,"column":1}},"line":7},"1":{"name":"(anonymous_1)","decl":{"start":{"line":11,"column":22},"end":{"line":11,"column":23}},"loc":{"start":{"line":11,"column":28},"end":{"line":14,"column":5}},"line":11},"2":{"name":"(anonymous_2)","decl":{"start":{"line":16,"column":17},"end":{"line":16,"column":18}},"loc":{"start":{"line":16,"column":29},"end":{"line":25,"column":5}},"line":16},"3":{"name":"(anonymous_3)","decl":{"start":{"line":19,"column":18},"end":{"line":19,"column":19}},"loc":{"start":{"line":19,"column":32},"end":{"line":23,"column":13}},"line":19},"4":{"name":"(anonymous_4)","decl":{"start":{"line":24,"column":19},"end":{"line":24,"column":20}},"loc":{"start":{"line":24,"column":28},"end":{"line":24,"column":67}},"line":24},"5":{"name":"(anonymous_5)","decl":{"start":{"line":38,"column":48},"end":{"line":38,"column":49}},"loc":{"start":{"line":38,"column":54},"end":{"line":38,"column":67}},"line":38}},"branchMap":{},"s":{"0":0,"1":0,"2":0,"3":0,"4":0,"5":0,"6":0,"7":0,"8":0,"9":0,"10":0,"11":0,"12":0},"f":{"0":0,"1":0,"2":0,"3":0,"4":0,"5":0},"b":{},"_coverageSchema":"1a1c01bbd47fc00a2c39e90264f33305004495a9","hash":"09ab951dbe6b98fbe1e2e4b2f810163d2df40a0a"}
,"/Users/varunmk/Desktop/jobtrackr/ui/src/Components/QA/EditQuestion.jsx": {"path":"/Users/varunmk/Desktop/jobtrackr/ui/src/Components/QA/EditQuestion.jsx","statementMap":{"0":{"start":{"line":9,"column":16},"end":{"line":9,"column":30}},"1":{"start":{"line":11,"column":19},"end":{"line":14,"column":2}},"2":{"start":{"line":12,"column":2},"end":{"line":12,"column":21}},"3":{"start":{"line":13,"column":2},"end":{"line":13,"column":12}},"4":{"start":{"line":16,"column":24},"end":{"line":33,"column":2}},"5":{"start":{"line":17,"column":18},"end":{"line":17,"column":49}},"6":{"start":{"line":18,"column":2},"end":{"line":32,"column":6}},"7":{"start":{"line":25,"column":4},"end":{"line":25,"column":34}},"8":{"start":{"line":26,"column":4},"end":{"line":26,"column":22}},"9":{"start":{"line":28,"column":19},"end":{"line":28,"column":58}},"10":{"start":{"line":30,"column":4},"end":{"line":30,"column":14}},"11":{"start":{"line":31,"column":4},"end":{"line":31,"column":16}},"12":{"start":{"line":35,"column":24},"end":{"line":44,"column":2}},"13":{"start":{"line":36,"column":2},"end":{"line":42,"column":60}},"14":{"start":{"line":39,"column":4},"end":{"line":39,"column":34}},"15":{"start":{"line":40,"column":4},"end":{"line":40,"column":22}},"16":{"start":{"line":42,"column":19},"end":{"line":42,"column":58}},"17":{"start":{"line":43,"column":2},"end":{"line":43,"column":14}},"18":{"start":{"line":46,"column":1},"end":{"line":89,"column":3}},"19":{"start":{"line":57,"column":42},"end":{"line":57,"column":55}}},"fnMap":{"0":{"name":"EditQuestion","decl":{"start":{"line":8,"column":24},"end":{"line":8,"column":36}},"loc":{"start":{"line":8,"column":84},"end":{"line":90,"column":1}},"line":8},"1":{"name":"(anonymous_1)","decl":{"start":{"line":11,"column":19},"end":{"line":11,"column":20}},"loc":{"start":{"line":11,"column":25},"end":{"line":14,"column":2}},"line":11},"2":{"name":"(anonymous_2)","decl":{"start":{"line":16,"column":24},"end":{"line":16,"column":25}},"loc":{"start":{"line":16,"column":36},"end":{"line":33,"column":2}},"line":16},"3":{"name":"(anonymous_3)","decl":{"start":{"line":24,"column":9},"end":{"line":24,"column":10}},"loc":{"start":{"line":24,"column":23},"end":{"line":27,"column":4}},"line":24},"4":{"name":"(anonymous_4)","decl":{"start":{"line":28,"column":10},"end":{"line":28,"column":11}},"loc":{"start":{"line":28,"column":19},"end":{"line":28,"column":58}},"line":28},"5":{"name":"(anonymous_5)","decl":{"start":{"line":29,"column":12},"end":{"line":29,"column":13}},"loc":{"start":{"line":29,"column":18},"end":{"line":32,"column":4}},"line":29},"6":{"name":"(anonymous_6)","decl":{"start":{"line":35,"column":24},"end":{"line":35,"column":25}},"loc":{"start":{"line":35,"column":30},"end":{"line":44,"column":2}},"line":35},"7":{"name":"(anonymous_7)","decl":{"start":{"line":38,"column":9},"end":{"line":38,"column":10}},"loc":{"start":{"line":38,"column":23},"end":{"line":41,"column":4}},"line":38},"8":{"name":"(anonymous_8)","decl":{"start":{"line":42,"column":10},"end":{"line":42,"column":11}},"loc":{"start":{"line":42,"column":19},"end":{"line":42,"column":58}},"line":42},"9":{"name":"(anonymous_9)","decl":{"start":{"line":57,"column":36},"end":{"line":57,"column":37}},"loc":{"start":{"line":57,"column":42},"end":{"line":57,"column":55}},"line":57}},"branchMap":{},"s":{"0":0,"1":0,"2":0,"3":0,"4":0,"5":0,"6":0,"7":0,"8":0,"9":0,"10":0,"11":0,"12":0,"13":0,"14":0,"15":0,"16":0,"17":0,"18":0,"19":0},"f":{"0":0,"1":0,"2":0,"3":0,"4":0,"5":0,"6":0,"7":0,"8":0,"9":0},"b":{},"_coverageSchema":"1a1c01bbd47fc00a2c39e90264f33305004495a9","hash":"bcfcbe47021643eb8719a0927dd5fe0ad83f0508"}
,"/Users/varunmk/Desktop/jobtrackr/ui/src/Components/QA/QA.jsx": {"path":"/Users/varunmk/Desktop/jobtrackr/ui/src/Components/QA/QA.jsx","statementMap":{"0":{"start":{"line":12,"column":35},"end":{"line":12,"column":47}},"1":{"start":{"line":13,"column":47},"end":{"line":13,"column":62}},"2":{"start":{"line":14,"column":43},"end":{"line":14,"column":58}},"3":{"start":{"line":15,"column":31},"end":{"line":15,"column":45}},"4":{"start":{"line":16,"column":19},"end":{"line":16,"column":32}},"5":{"start":{"line":18,"column":1},"end":{"line":20,"column":8}},"6":{"start":{"line":19,"column":2},"end":{"line":19,"column":20}},"7":{"start":{"line":21,"column":25},"end":{"line":30,"column":2}},"8":{"start":{"line":22,"column":2},"end":{"line":29,"column":37}},"9":{"start":{"line":25,"column":4},"end":{"line":25,"column":20}},"10":{"start":{"line":27,"column":19},"end":{"line":27,"column":47}},"11":{"start":{"line":28,"column":19},"end":{"line":28,"column":35}},"12":{"start":{"line":29,"column":18},"end":{"line":29,"column":35}},"13":{"start":{"line":31,"column":27},"end":{"line":31,"column":69}},"14":{"start":{"line":31,"column":33},"end":{"line":31,"column":69}},"15":{"start":{"line":33,"column":1},"end":{"line":83,"column":3}},"16":{"start":{"line":63,"column":5},"end":{"line":70,"column":12}},"17":{"start":{"line":66,"column":40},"end":{"line":66,"column":60}},"18":{"start":{"line":77,"column":20},"end":{"line":77,"column":43}}},"fnMap":{"0":{"name":"QA","decl":{"start":{"line":11,"column":24},"end":{"line":11,"column":26}},"loc":{"start":{"line":11,"column":29},"end":{"line":85,"column":1}},"line":11},"1":{"name":"(anonymous_1)","decl":{"start":{"line":18,"column":11},"end":{"line":18,"column":12}},"loc":{"start":{"line":18,"column":17},"end":{"line":20,"column":2}},"line":18},"2":{"name":"(anonymous_2)","decl":{"start":{"line":21,"column":25},"end":{"line":21,"column":26}},"loc":{"start":{"line":21,"column":31},"end":{"line":30,"column":2}},"line":21},"3":{"name":"(anonymous_3)","decl":{"start":{"line":24,"column":9},"end":{"line":24,"column":10}},"loc":{"start":{"line":24,"column":18},"end":{"line":26,"column":4}},"line":24},"4":{"name":"(anonymous_4)","decl":{"start":{"line":27,"column":9},"end":{"line":27,"column":10}},"loc":{"start":{"line":27,"column":19},"end":{"line":27,"column":47}},"line":27},"5":{"name":"(anonymous_5)","decl":{"start":{"line":28,"column":10},"end":{"line":28,"column":11}},"loc":{"start":{"line":28,"column":19},"end":{"line":28,"column":35}},"line":28},"6":{"name":"(anonymous_6)","decl":{"start":{"line":29,"column":12},"end":{"line":29,"column":13}},"loc":{"start":{"line":29,"column":18},"end":{"line":29,"column":35}},"line":29},"7":{"name":"(anonymous_7)","decl":{"start":{"line":31,"column":27},"end":{"line":31,"column":28}},"loc":{"start":{"line":31,"column":33},"end":{"line":31,"column":69}},"line":31},"8":{"name":"(anonymous_8)","decl":{"start":{"line":62,"column":19},"end":{"line":62,"column":20}},"loc":{"start":{"line":63,"column":5},"end":{"line":70,"column":12}},"line":63},"9":{"name":"(anonymous_9)","decl":{"start":{"line":66,"column":34},"end":{"line":66,"column":35}},"loc":{"start":{"line":66,"column":40},"end":{"line":66,"column":60}},"line":66},"10":{"name":"(anonymous_10)","decl":{"start":{"line":77,"column":14},"end":{"line":77,"column":15}},"loc":{"start":{"line":77,"column":20},"end":{"line":77,"column":43}},"line":77}},"branchMap":{"0":{"loc":{"start":{"line":56,"column":5},"end":{"line":61,"column":5}},"type":"binary-expr","locations":[{"start":{"line":56,"column":5},"end":{"line":56,"column":12}},{"start":{"line":57,"column":5},"end":{"line":60,"column":8}}],"line":56},"1":{"loc":{"start":{"line":72,"column":5},"end":{"line":72,"column":52}},"type":"binary-expr","locations":[{"start":{"line":72,"column":5},"end":{"line":72,"column":27}},{"start":{"line":72,"column":31},"end":{"line":72,"column":40}},{"start":{"line":72,"column":44},"end":{"line":72,"column":52}}],"line":72},"2":{"loc":{"start":{"line":74,"column":4},"end":{"line":81,"column":4}},"type":"binary-expr","locations":[{"start":{"line":74,"column":4},"end":{"line":74,"column":17}},{"start":{"line":75,"column":4},"end":{"line":80,"column":6}}],"line":74}},"s":{"0":0,"1":0,"2":0,"3":0,"4":0,"5":0,"6":0,"7":0,"8":0,"9":0,"10":0,"11":0,"12":0,"13":0,"14":0,"15":0,"16":0,"17":0,"18":0},"f":{"0":0,"1":0,"2":0,"3":0,"4":0,"5":0,"6":0,"7":0,"8":0,"9":0,"10":0},"b":{"0":[0,0],"1":[0,0,0],"2":[0,0]},"_coverageSchema":"1a1c01bbd47fc00a2c39e90264f33305004495a9","hash":"f6ce6971fc832962d2ed79fcc084e4af7751777e"}
,"/Users/varunmk/Desktop/jobtrackr/ui/src/Components/RegisterPage/RegisterPage.jsx": {"path":"/Users/varunmk/Desktop/jobtrackr/ui/src/Components/RegisterPage/RegisterPage.jsx","statementMap":{"0":{"start":{"line":9,"column":18},"end":{"line":9,"column":31}},"1":{"start":{"line":10,"column":18},"end":{"line":17,"column":2}},"2":{"start":{"line":11,"column":18},"end":{"line":11,"column":50}},"3":{"start":{"line":12,"column":2},"end":{"line":16,"column":29}},"4":{"start":{"line":14,"column":15},"end":{"line":14,"column":68}},"5":{"start":{"line":15,"column":19},"end":{"line":15,"column":58}},"6":{"start":{"line":16,"column":18},"end":{"line":16,"column":27}},"7":{"start":{"line":19,"column":1},"end":{"line":119,"column":3}},"8":{"start":{"line":92,"column":31},"end":{"line":103,"column":8}},"9":{"start":{"line":94,"column":9},"end":{"line":96,"column":10}},"10":{"start":{"line":95,"column":10},"end":{"line":95,"column":35}},"11":{"start":{"line":97,"column":9},"end":{"line":101,"column":11}}},"fnMap":{"0":{"name":"RegisterPage","decl":{"start":{"line":8,"column":24},"end":{"line":8,"column":36}},"loc":{"start":{"line":8,"column":39},"end":{"line":120,"column":1}},"line":8},"1":{"name":"(anonymous_1)","decl":{"start":{"line":10,"column":18},"end":{"line":10,"column":19}},"loc":{"start":{"line":10,"column":30},"end":{"line":17,"column":2}},"line":10},"2":{"name":"(anonymous_2)","decl":{"start":{"line":14,"column":9},"end":{"line":14,"column":10}},"loc":{"start":{"line":14,"column":15},"end":{"line":14,"column":68}},"line":14},"3":{"name":"(anonymous_3)","decl":{"start":{"line":15,"column":10},"end":{"line":15,"column":11}},"loc":{"start":{"line":15,"column":19},"end":{"line":15,"column":58}},"line":15},"4":{"name":"(anonymous_4)","decl":{"start":{"line":16,"column":12},"end":{"line":16,"column":13}},"loc":{"start":{"line":16,"column":18},"end":{"line":16,"column":27}},"line":16},"5":{"name":"(anonymous_5)","decl":{"start":{"line":92,"column":7},"end":{"line":92,"column":8}},"loc":{"start":{"line":92,"column":31},"end":{"line":103,"column":8}},"line":92},"6":{"name":"(anonymous_6)","decl":{"start":{"line":93,"column":8},"end":{"line":93,"column":9}},"loc":{"start":{"line":93,"column":28},"end":{"line":102,"column":9}},"line":93}},"branchMap":{"0":{"loc":{"start":{"line":94,"column":9},"end":{"line":96,"column":10}},"type":"if","locations":[{"start":{"line":94,"column":9},"end":{"line":96,"column":10}},{"start":{},"end":{}}],"line":94},"1":{"loc":{"start":{"line":94,"column":13},"end":{"line":94,"column":58}},"type":"binary-expr","locations":[{"start":{"line":94,"column":13},"end":{"line":94,"column":19}},{"start":{"line":94,"column":23},"end":{"line":94,"column":58}}],"line":94}},"s":{"0":1,"1":1,"2":1,"3":1,"4":1,"5":0,"6":1,"7":1,"8":12,"9":12,"10":2,"11":10},"f":{"0":1,"1":1,"2":1,"3":0,"4":1,"5":12,"6":12},"b":{"0":[2,10],"1":[12,12]},"_coverageSchema":"1a1c01bbd47fc00a2c39e90264f33305004495a9","hash":"fc9cd730e18ef5277c2cb67a68dbd59734b6974d"}
,"/Users/varunmk/Desktop/jobtrackr/ui/src/Components/ResumeSuggestions/MakeSuggestions.jsx": {"path":"/Users/varunmk/Desktop/jobtrackr/ui/src/Components/ResumeSuggestions/MakeSuggestions.jsx","statementMap":{"0":{"start":{"line":10,"column":19},"end":{"line":10,"column":33}},"1":{"start":{"line":11,"column":22},"end":{"line":11,"column":35}},"2":{"start":{"line":12,"column":47},"end":{"line":12,"column":62}},"3":{"start":{"line":13,"column":30},"end":{"line":13,"column":42}},"4":{"start":{"line":14,"column":44},"end":{"line":14,"column":56}},"5":{"start":{"line":16,"column":4},"end":{"line":18,"column":11}},"6":{"start":{"line":17,"column":8},"end":{"line":17,"column":22}},"7":{"start":{"line":20,"column":24},"end":{"line":27,"column":5}},"8":{"start":{"line":21,"column":8},"end":{"line":21,"column":33}},"9":{"start":{"line":22,"column":8},"end":{"line":26,"column":54}},"10":{"start":{"line":24,"column":24},"end":{"line":24,"column":72}},"11":{"start":{"line":25,"column":19},"end":{"line":25,"column":35}},"12":{"start":{"line":26,"column":27},"end":{"line":26,"column":52}},"13":{"start":{"line":29,"column":22},"end":{"line":32,"column":5}},"14":{"start":{"line":30,"column":8},"end":{"line":30,"column":27}},"15":{"start":{"line":31,"column":8},"end":{"line":31,"column":18}},"16":{"start":{"line":34,"column":31},"end":{"line":36,"column":5}},"17":{"start":{"line":35,"column":8},"end":{"line":35,"column":29}},"18":{"start":{"line":38,"column":24},"end":{"line":50,"column":5}},"19":{"start":{"line":39,"column":8},"end":{"line":39,"column":33}},"20":{"start":{"line":40,"column":8},"end":{"line":49,"column":50}},"21":{"start":{"line":43,"column":12},"end":{"line":43,"column":30}},"22":{"start":{"line":44,"column":12},"end":{"line":44,"column":42}},"23":{"start":{"line":45,"column":12},"end":{"line":45,"column":48}},"24":{"start":{"line":46,"column":12},"end":{"line":46,"column":24}},"25":{"start":{"line":48,"column":28},"end":{"line":48,"column":45}},"26":{"start":{"line":49,"column":23},"end":{"line":49,"column":48}},"27":{"start":{"line":52,"column":4},"end":{"line":99,"column":6}},"28":{"start":{"line":65,"column":32},"end":{"line":65,"column":46}},"29":{"start":{"line":65,"column":47},"end":{"line":65,"column":71}},"30":{"start":{"line":78,"column":16},"end":{"line":80,"column":25}}},"fnMap":{"0":{"name":"MakeSuggestions","decl":{"start":{"line":9,"column":16},"end":{"line":9,"column":31}},"loc":{"start":{"line":9,"column":70},"end":{"line":100,"column":1}},"line":9},"1":{"name":"(anonymous_1)","decl":{"start":{"line":16,"column":14},"end":{"line":16,"column":15}},"loc":{"start":{"line":16,"column":20},"end":{"line":18,"column":5}},"line":16},"2":{"name":"(anonymous_2)","decl":{"start":{"line":20,"column":24},"end":{"line":20,"column":25}},"loc":{"start":{"line":20,"column":30},"end":{"line":27,"column":5}},"line":20},"3":{"name":"(anonymous_3)","decl":{"start":{"line":24,"column":9},"end":{"line":24,"column":10}},"loc":{"start":{"line":24,"column":24},"end":{"line":24,"column":72}},"line":24},"4":{"name":"(anonymous_4)","decl":{"start":{"line":25,"column":10},"end":{"line":25,"column":11}},"loc":{"start":{"line":25,"column":19},"end":{"line":25,"column":35}},"line":25},"5":{"name":"(anonymous_5)","decl":{"start":{"line":26,"column":21},"end":{"line":26,"column":22}},"loc":{"start":{"line":26,"column":27},"end":{"line":26,"column":52}},"line":26},"6":{"name":"(anonymous_6)","decl":{"start":{"line":29,"column":22},"end":{"line":29,"column":23}},"loc":{"start":{"line":29,"column":28},"end":{"line":32,"column":5}},"line":29},"7":{"name":"(anonymous_7)","decl":{"start":{"line":34,"column":31},"end":{"line":34,"column":32}},"loc":{"start":{"line":34,"column":40},"end":{"line":36,"column":5}},"line":34},"8":{"name":"(anonymous_8)","decl":{"start":{"line":38,"column":24},"end":{"line":38,"column":25}},"loc":{"start":{"line":38,"column":34},"end":{"line":50,"column":5}},"line":38},"9":{"name":"(anonymous_9)","decl":{"start":{"line":42,"column":14},"end":{"line":42,"column":15}},"loc":{"start":{"line":42,"column":28},"end":{"line":47,"column":9}},"line":42},"10":{"name":"(anonymous_10)","decl":{"start":{"line":48,"column":15},"end":{"line":48,"column":16}},"loc":{"start":{"line":48,"column":28},"end":{"line":48,"column":45}},"line":48},"11":{"name":"(anonymous_11)","decl":{"start":{"line":49,"column":17},"end":{"line":49,"column":18}},"loc":{"start":{"line":49,"column":23},"end":{"line":49,"column":48}},"line":49},"12":{"name":"(anonymous_12)","decl":{"start":{"line":65,"column":25},"end":{"line":65,"column":26}},"loc":{"start":{"line":65,"column":31},"end":{"line":65,"column":72}},"line":65},"13":{"name":"(anonymous_13)","decl":{"start":{"line":77,"column":23},"end":{"line":77,"column":24}},"loc":{"start":{"line":78,"column":16},"end":{"line":80,"column":25}},"line":78}},"branchMap":{"0":{"loc":{"start":{"line":24,"column":24},"end":{"line":24,"column":72}},"type":"cond-expr","locations":[{"start":{"line":24,"column":37},"end":{"line":24,"column":57}},{"start":{"line":24,"column":60},"end":{"line":24,"column":72}}],"line":24},"1":{"loc":{"start":{"line":70,"column":13},"end":{"line":70,"column":45}},"type":"binary-expr","locations":[{"start":{"line":70,"column":13},"end":{"line":70,"column":28}},{"start":{"line":70,"column":32},"end":{"line":70,"column":45}}],"line":70},"2":{"loc":{"start":{"line":75,"column":22},"end":{"line":75,"column":59}},"type":"binary-expr","locations":[{"start":{"line":75,"column":22},"end":{"line":75,"column":40}},{"start":{"line":75,"column":44},"end":{"line":75,"column":59}}],"line":75}},"s":{"0":13,"1":13,"2":13,"3":13,"4":13,"5":13,"6":3,"7":13,"8":3,"9":3,"10":3,"11":0,"12":3,"13":13,"14":1,"15":1,"16":13,"17":0,"18":13,"19":0,"20":0,"21":0,"22":0,"23":0,"24":0,"25":0,"26":0,"27":13,"28":0,"29":0,"30":0},"f":{"0":13,"1":3,"2":3,"3":3,"4":0,"5":3,"6":1,"7":0,"8":0,"9":0,"10":0,"11":0,"12":0,"13":0},"b":{"0":[0,3],"1":[13,3],"2":[13,0]},"_coverageSchema":"1a1c01bbd47fc00a2c39e90264f33305004495a9","hash":"5025c5f0784ee3aa59c610cdc006082134a6bada"}
,"/Users/varunmk/Desktop/jobtrackr/ui/src/Components/ResumeSuggestions/ResumeSuggestions.jsx": {"path":"/Users/varunmk/Desktop/jobtrackr/ui/src/Components/ResumeSuggestions/ResumeSuggestions.jsx","statementMap":{"0":{"start":{"line":12,"column":52},"end":{"line":12,"column":64}},"1":{"start":{"line":13,"column":64},"end":{"line":13,"column":79}},"2":{"start":{"line":16,"column":1},"end":{"line":18,"column":8}},"3":{"start":{"line":17,"column":2},"end":{"line":17,"column":29}},"4":{"start":{"line":19,"column":32},"end":{"line":21,"column":2}},"5":{"start":{"line":20,"column":2},"end":{"line":20,"column":31}},"6":{"start":{"line":22,"column":39},"end":{"line":22,"column":95}},"7":{"start":{"line":22,"column":45},"end":{"line":22,"column":95}},"8":{"start":{"line":23,"column":23},"end":{"line":31,"column":2}},"9":{"start":{"line":24,"column":14},"end":{"line":24,"column":92}},"10":{"start":{"line":25,"column":16},"end":{"line":25,"column":43}},"11":{"start":{"line":26,"column":3},"end":{"line":26,"column":19}},"12":{"start":{"line":27,"column":3},"end":{"line":27,"column":59}},"13":{"start":{"line":28,"column":3},"end":{"line":28,"column":35}},"14":{"start":{"line":29,"column":3},"end":{"line":29,"column":16}},"15":{"start":{"line":30,"column":3},"end":{"line":30,"column":35}},"16":{"start":{"line":32,"column":1},"end":{"line":76,"column":6}}},"fnMap":{"0":{"name":"ResumeSuggestions","decl":{"start":{"line":11,"column":16},"end":{"line":11,"column":33}},"loc":{"start":{"line":11,"column":36},"end":{"line":77,"column":1}},"line":11},"1":{"name":"(anonymous_1)","decl":{"start":{"line":16,"column":11},"end":{"line":16,"column":12}},"loc":{"start":{"line":16,"column":17},"end":{"line":18,"column":2}},"line":16},"2":{"name":"(anonymous_2)","decl":{"start":{"line":19,"column":32},"end":{"line":19,"column":33}},"loc":{"start":{"line":19,"column":45},"end":{"line":21,"column":2}},"line":19},"3":{"name":"(anonymous_3)","decl":{"start":{"line":22,"column":39},"end":{"line":22,"column":40}},"loc":{"start":{"line":22,"column":45},"end":{"line":22,"column":95}},"line":22},"4":{"name":"(anonymous_4)","decl":{"start":{"line":23,"column":23},"end":{"line":23,"column":24}},"loc":{"start":{"line":23,"column":29},"end":{"line":31,"column":2}},"line":23}},"branchMap":{"0":{"loc":{"start":{"line":59,"column":12},"end":{"line":71,"column":14}},"type":"binary-expr","locations":[{"start":{"line":59,"column":12},"end":{"line":59,"column":39}},{"start":{"line":60,"column":11},"end":{"line":71,"column":14}}],"line":59}},"s":{"0":11,"1":10,"2":10,"3":3,"4":10,"5":3,"6":10,"7":4,"8":10,"9":0,"10":0,"11":0,"12":0,"13":0,"14":0,"15":0,"16":10},"f":{"0":11,"1":3,"2":3,"3":4,"4":0},"b":{"0":[10,0]},"_coverageSchema":"1a1c01bbd47fc00a2c39e90264f33305004495a9","hash":"79e7ce9df3cd250019d1c4a031cd03464d8cc747"}
,"/Users/varunmk/Desktop/jobtrackr/ui/src/Components/SavedJobs/AddSavedJob.jsx": {"path":"/Users/varunmk/Desktop/jobtrackr/ui/src/Components/SavedJobs/AddSavedJob.jsx","statementMap":{"0":{"start":{"line":8,"column":16},"end":{"line":8,"column":30}},"1":{"start":{"line":9,"column":19},"end":{"line":9,"column":32}},"2":{"start":{"line":11,"column":19},"end":{"line":14,"column":2}},"3":{"start":{"line":12,"column":2},"end":{"line":12,"column":21}},"4":{"start":{"line":13,"column":2},"end":{"line":13,"column":12}},"5":{"start":{"line":16,"column":14},"end":{"line":25,"column":2}},"6":{"start":{"line":17,"column":2},"end":{"line":24,"column":60}},"7":{"start":{"line":20,"column":4},"end":{"line":20,"column":34}},"8":{"start":{"line":21,"column":4},"end":{"line":21,"column":25}},"9":{"start":{"line":22,"column":4},"end":{"line":22,"column":16}},"10":{"start":{"line":24,"column":19},"end":{"line":24,"column":58}},"11":{"start":{"line":27,"column":1},"end":{"line":98,"column":3}},"12":{"start":{"line":38,"column":42},"end":{"line":38,"column":55}}},"fnMap":{"0":{"name":"AddSavedJob","decl":{"start":{"line":7,"column":24},"end":{"line":7,"column":35}},"loc":{"start":{"line":7,"column":77},"end":{"line":99,"column":1}},"line":7},"1":{"name":"(anonymous_1)","decl":{"start":{"line":11,"column":19},"end":{"line":11,"column":20}},"loc":{"start":{"line":11,"column":25},"end":{"line":14,"column":2}},"line":11},"2":{"name":"(anonymous_2)","decl":{"start":{"line":16,"column":14},"end":{"line":16,"column":15}},"loc":{"start":{"line":16,"column":26},"end":{"line":25,"column":2}},"line":16},"3":{"name":"(anonymous_3)","decl":{"start":{"line":19,"column":9},"end":{"line":19,"column":10}},"loc":{"start":{"line":19,"column":23},"end":{"line":23,"column":4}},"line":19},"4":{"name":"(anonymous_4)","decl":{"start":{"line":24,"column":10},"end":{"line":24,"column":11}},"loc":{"start":{"line":24,"column":19},"end":{"line":24,"column":58}},"line":24},"5":{"name":"(anonymous_5)","decl":{"start":{"line":38,"column":36},"end":{"line":38,"column":37}},"loc":{"start":{"line":38,"column":42},"end":{"line":38,"column":55}},"line":38}},"branchMap":{},"s":{"0":6,"1":6,"2":6,"3":2,"4":2,"5":6,"6":1,"7":1,"8":1,"9":1,"10":0,"11":6,"12":1},"f":{"0":6,"1":2,"2":1,"3":1,"4":0,"5":1},"b":{},"_coverageSchema":"1a1c01bbd47fc00a2c39e90264f33305004495a9","hash":"7f52585661629162516f7d3a4d753c718f3038f4"}
,"/Users/varunmk/Desktop/jobtrackr/ui/src/Components/SavedJobs/EditSavedJob.jsx": {"path":"/Users/varunmk/Desktop/jobtrackr/ui/src/Components/SavedJobs/EditSavedJob.jsx","statementMap":{"0":{"start":{"line":9,"column":4},"end":{"line":9,"column":28}},"1":{"start":{"line":10,"column":19},"end":{"line":10,"column":33}},"2":{"start":{"line":12,"column":22},"end":{"line":15,"column":5}},"3":{"start":{"line":13,"column":8},"end":{"line":13,"column":27}},"4":{"start":{"line":14,"column":8},"end":{"line":14,"column":18}},"5":{"start":{"line":16,"column":30},"end":{"line":37,"column":5}},"6":{"start":{"line":17,"column":24},"end":{"line":17,"column":55}},"7":{"start":{"line":18,"column":8},"end":{"line":36,"column":15}},"8":{"start":{"line":29,"column":16},"end":{"line":29,"column":46}},"9":{"start":{"line":30,"column":16},"end":{"line":30,"column":37}},"10":{"start":{"line":32,"column":28},"end":{"line":32,"column":67}},"11":{"start":{"line":34,"column":16},"end":{"line":34,"column":26}},"12":{"start":{"line":35,"column":16},"end":{"line":35,"column":28}},"13":{"start":{"line":38,"column":30},"end":{"line":47,"column":2}},"14":{"start":{"line":39,"column":2},"end":{"line":45,"column":60}},"15":{"start":{"line":42,"column":4},"end":{"line":42,"column":34}},"16":{"start":{"line":43,"column":4},"end":{"line":43,"column":25}},"17":{"start":{"line":45,"column":19},"end":{"line":45,"column":58}},"18":{"start":{"line":46,"column":2},"end":{"line":46,"column":14}},"19":{"start":{"line":50,"column":4},"end":{"line":129,"column":6}},"20":{"start":{"line":61,"column":54},"end":{"line":61,"column":67}}},"fnMap":{"0":{"name":"EditSavedJob","decl":{"start":{"line":8,"column":24},"end":{"line":8,"column":36}},"loc":{"start":{"line":8,"column":90},"end":{"line":130,"column":1}},"line":8},"1":{"name":"(anonymous_1)","decl":{"start":{"line":12,"column":22},"end":{"line":12,"column":23}},"loc":{"start":{"line":12,"column":28},"end":{"line":15,"column":5}},"line":12},"2":{"name":"(anonymous_2)","decl":{"start":{"line":16,"column":30},"end":{"line":16,"column":31}},"loc":{"start":{"line":16,"column":42},"end":{"line":37,"column":5}},"line":16},"3":{"name":"(anonymous_3)","decl":{"start":{"line":28,"column":18},"end":{"line":28,"column":19}},"loc":{"start":{"line":28,"column":32},"end":{"line":31,"column":13}},"line":28},"4":{"name":"(anonymous_4)","decl":{"start":{"line":32,"column":19},"end":{"line":32,"column":20}},"loc":{"start":{"line":32,"column":28},"end":{"line":32,"column":67}},"line":32},"5":{"name":"(anonymous_5)","decl":{"start":{"line":33,"column":21},"end":{"line":33,"column":22}},"loc":{"start":{"line":33,"column":27},"end":{"line":36,"column":13}},"line":33},"6":{"name":"(anonymous_6)","decl":{"start":{"line":38,"column":30},"end":{"line":38,"column":31}},"loc":{"start":{"line":38,"column":36},"end":{"line":47,"column":2}},"line":38},"7":{"name":"(anonymous_7)","decl":{"start":{"line":41,"column":9},"end":{"line":41,"column":10}},"loc":{"start":{"line":41,"column":23},"end":{"line":44,"column":4}},"line":41},"8":{"name":"(anonymous_8)","decl":{"start":{"line":45,"column":10},"end":{"line":45,"column":11}},"loc":{"start":{"line":45,"column":19},"end":{"line":45,"column":58}},"line":45},"9":{"name":"(anonymous_9)","decl":{"start":{"line":61,"column":48},"end":{"line":61,"column":49}},"loc":{"start":{"line":61,"column":54},"end":{"line":61,"column":67}},"line":61}},"branchMap":{},"s":{"0":0,"1":0,"2":0,"3":0,"4":0,"5":0,"6":0,"7":0,"8":0,"9":0,"10":0,"11":0,"12":0,"13":0,"14":0,"15":0,"16":0,"17":0,"18":0,"19":0,"20":0},"f":{"0":0,"1":0,"2":0,"3":0,"4":0,"5":0,"6":0,"7":0,"8":0,"9":0},"b":{},"_coverageSchema":"1a1c01bbd47fc00a2c39e90264f33305004495a9","hash":"b95ba8081c07280cde8b66a8863cb06b95ae1f5c"}
,"/Users/varunmk/Desktop/jobtrackr/ui/src/Components/SavedJobs/SavedJobs.jsx": {"path":"/Users/varunmk/Desktop/jobtrackr/ui/src/Components/SavedJobs/SavedJobs.jsx","statementMap":{"0":{"start":{"line":13,"column":41},"end":{"line":13,"column":53}},"1":{"start":{"line":14,"column":53},"end":{"line":14,"column":68}},"2":{"start":{"line":15,"column":57},"end":{"line":15,"column":72}},"3":{"start":{"line":16,"column":47},"end":{"line":16,"column":62}},"4":{"start":{"line":17,"column":31},"end":{"line":17,"column":45}},"5":{"start":{"line":18,"column":19},"end":{"line":18,"column":32}},"6":{"start":{"line":20,"column":1},"end":{"line":22,"column":8}},"7":{"start":{"line":21,"column":2},"end":{"line":21,"column":23}},"8":{"start":{"line":24,"column":30},"end":{"line":24,"column":78}},"9":{"start":{"line":24,"column":36},"end":{"line":24,"column":78}},"10":{"start":{"line":26,"column":28},"end":{"line":34,"column":2}},"11":{"start":{"line":27,"column":2},"end":{"line":33,"column":37}},"12":{"start":{"line":30,"column":4},"end":{"line":30,"column":77}},"13":{"start":{"line":30,"column":54},"end":{"line":30,"column":75}},"14":{"start":{"line":32,"column":19},"end":{"line":32,"column":35}},"15":{"start":{"line":33,"column":18},"end":{"line":33,"column":35}},"16":{"start":{"line":36,"column":1},"end":{"line":115,"column":3}},"17":{"start":{"line":56,"column":21},"end":{"line":56,"column":46}},"18":{"start":{"line":65,"column":21},"end":{"line":65,"column":51}},"19":{"start":{"line":79,"column":5},"end":{"line":110,"column":12}},"20":{"start":{"line":87,"column":23},"end":{"line":87,"column":54}},"21":{"start":{"line":106,"column":22},"end":{"line":106,"column":58}}},"fnMap":{"0":{"name":"SavedJobs","decl":{"start":{"line":12,"column":24},"end":{"line":12,"column":33}},"loc":{"start":{"line":12,"column":36},"end":{"line":116,"column":1}},"line":12},"1":{"name":"(anonymous_1)","decl":{"start":{"line":20,"column":11},"end":{"line":20,"column":12}},"loc":{"start":{"line":20,"column":17},"end":{"line":22,"column":2}},"line":20},"2":{"name":"(anonymous_2)","decl":{"start":{"line":24,"column":30},"end":{"line":24,"column":31}},"loc":{"start":{"line":24,"column":36},"end":{"line":24,"column":78}},"line":24},"3":{"name":"(anonymous_3)","decl":{"start":{"line":26,"column":28},"end":{"line":26,"column":29}},"loc":{"start":{"line":26,"column":34},"end":{"line":34,"column":2}},"line":26},"4":{"name":"(anonymous_4)","decl":{"start":{"line":29,"column":9},"end":{"line":29,"column":10}},"loc":{"start":{"line":30,"column":4},"end":{"line":30,"column":77}},"line":30},"5":{"name":"(anonymous_5)","decl":{"start":{"line":30,"column":45},"end":{"line":30,"column":46}},"loc":{"start":{"line":30,"column":54},"end":{"line":30,"column":75}},"line":30},"6":{"name":"(anonymous_6)","decl":{"start":{"line":32,"column":10},"end":{"line":32,"column":11}},"loc":{"start":{"line":32,"column":19},"end":{"line":32,"column":35}},"line":32},"7":{"name":"(anonymous_7)","decl":{"start":{"line":33,"column":12},"end":{"line":33,"column":13}},"loc":{"start":{"line":33,"column":18},"end":{"line":33,"column":35}},"line":33},"8":{"name":"(anonymous_8)","decl":{"start":{"line":56,"column":15},"end":{"line":56,"column":16}},"loc":{"start":{"line":56,"column":21},"end":{"line":56,"column":46}},"line":56},"9":{"name":"(anonymous_9)","decl":{"start":{"line":65,"column":15},"end":{"line":65,"column":16}},"loc":{"start":{"line":65,"column":21},"end":{"line":65,"column":51}},"line":65},"10":{"name":"(anonymous_10)","decl":{"start":{"line":78,"column":22},"end":{"line":78,"column":23}},"loc":{"start":{"line":79,"column":5},"end":{"line":110,"column":12}},"line":79},"11":{"name":"(anonymous_11)","decl":{"start":{"line":87,"column":17},"end":{"line":87,"column":18}},"loc":{"start":{"line":87,"column":23},"end":{"line":87,"column":54}},"line":87},"12":{"name":"(anonymous_12)","decl":{"start":{"line":106,"column":16},"end":{"line":106,"column":17}},"loc":{"start":{"line":106,"column":22},"end":{"line":106,"column":58}},"line":106}},"branchMap":{"0":{"loc":{"start":{"line":54,"column":5},"end":{"line":61,"column":5}},"type":"binary-expr","locations":[{"start":{"line":54,"column":5},"end":{"line":54,"column":20}},{"start":{"line":55,"column":5},"end":{"line":60,"column":7}}],"line":54},"1":{"loc":{"start":{"line":62,"column":5},"end":{"line":69,"column":5}},"type":"binary-expr","locations":[{"start":{"line":62,"column":5},"end":{"line":62,"column":25}},{"start":{"line":63,"column":5},"end":{"line":68,"column":7}}],"line":62},"2":{"loc":{"start":{"line":72,"column":5},"end":{"line":77,"column":5}},"type":"binary-expr","locations":[{"start":{"line":72,"column":5},"end":{"line":72,"column":12}},{"start":{"line":73,"column":5},"end":{"line":76,"column":8}}],"line":72},"3":{"loc":{"start":{"line":112,"column":5},"end":{"line":112,"column":55}},"type":"binary-expr","locations":[{"start":{"line":112,"column":5},"end":{"line":112,"column":30}},{"start":{"line":112,"column":34},"end":{"line":112,"column":43}},{"start":{"line":112,"column":47},"end":{"line":112,"column":55}}],"line":112}},"s":{"0":6,"1":6,"2":6,"3":6,"4":6,"5":6,"6":6,"7":1,"8":6,"9":4,"10":6,"11":2,"12":2,"13":12,"14":0,"15":2,"16":6,"17":0,"18":0,"19":5,"20":0,"21":0},"f":{"0":6,"1":1,"2":4,"3":2,"4":2,"5":12,"6":0,"7":2,"8":0,"9":0,"10":5,"11":0,"12":0},"b":{"0":[6,0],"1":[6,0],"2":[6,1],"3":[6,1,1]},"_coverageSchema":"1a1c01bbd47fc00a2c39e90264f33305004495a9","hash":"68c7699b2edc45e4b3bd8b903a2b498433166847"}
}
