TN:
SF:src/App.jsx
FN:31,App
FN:36,(anonymous_1)
FN:45,(anonymous_2)
FN:50,(anonymous_3)
FN:64,(anonymous_4)
FNF:5
FNH:4
FNDA:35,App
FNDA:25,(anonymous_1)
FNDA:6,(anonymous_2)
FNDA:0,(anonymous_3)
FNDA:156,(anonymous_4)
DA:20,1
DA:22,1
DA:32,35
DA:33,34
DA:34,34
DA:36,34
DA:37,25
DA:38,2
DA:39,23
DA:40,1
DA:42,25
DA:45,34
DA:46,6
DA:47,6
DA:50,34
DA:51,0
DA:52,0
DA:55,34
DA:56,26
DA:64,156
DA:120,8
LF:21
LH:19
BRDA:37,0,0,2
BRDA:37,0,1,23
BRDA:37,1,0,25
BRDA:37,1,1,19
BRDA:37,1,2,6
BRDA:39,2,0,1
BRDA:39,2,1,22
BRDA:39,3,0,23
BRDA:39,3,1,19
BRDA:39,3,2,19
BRDA:55,4,0,26
BRDA:55,4,1,8
BRDA:55,5,0,34
BRDA:55,5,1,26
BRF:14
BRH:14
end_of_record
TN:
SF:src/config.js
FNF:0
FNH:0
DA:1,1
LF:1
LH:1
BRF:0
BRH:0
end_of_record
TN:
SF:src/Components/AddApplication/AddApplication.jsx
FN:16,AddApplication
FN:20,(anonymous_1)
FN:25,(anonymous_2)
FN:28,(anonymous_3)
FN:33,(anonymous_4)
FN:47,(anonymous_5)
FN:147,(anonymous_6)
FNF:7
FNH:6
FNDA:24,AddApplication
FNDA:2,(anonymous_1)
FNDA:1,(anonymous_2)
FNDA:1,(anonymous_3)
FNDA:0,(anonymous_4)
FNDA:1,(anonymous_5)
FNDA:120,(anonymous_6)
DA:8,1
DA:17,24
DA:18,24
DA:20,24
DA:21,2
DA:22,2
DA:25,24
DA:26,1
DA:29,1
DA:30,1
DA:31,1
DA:33,0
DA:36,24
DA:47,1
DA:148,120
LF:15
LH:14
BRF:0
BRH:0
end_of_record
TN:
SF:src/Components/AddApplication/ApplicationCard.jsx
FN:9,ApplicationCard
FN:19,(anonymous_1)
FN:33,(anonymous_2)
FN:37,(anonymous_3)
FN:50,(anonymous_4)
FN:87,(anonymous_5)
FN:90,(anonymous_6)
FNF:7
FNH:3
FNDA:65,ApplicationCard
FNDA:0,(anonymous_1)
FNDA:0,(anonymous_2)
FNDA:0,(anonymous_3)
FNDA:1,(anonymous_4)
FNDA:0,(anonymous_5)
FNDA:325,(anonymous_6)
DA:11,65
DA:19,65
DA:20,0
DA:34,0
DA:35,0
DA:37,0
DA:40,65
DA:50,1
DA:87,0
DA:91,325
LF:10
LH:5
BRDA:58,0,0,65
BRDA:58,0,1,26
BRDA:61,1,0,13
BRDA:61,1,1,13
BRDA:64,2,0,13
BRDA:64,2,1,13
BRF:6
BRH:6
end_of_record
TN:
SF:src/Components/AddApplication/EditApplication.jsx
FN:15,EditApplication
FN:18,(anonymous_1)
FN:22,(anonymous_2)
FN:30,(anonymous_3)
FN:34,(anonymous_4)
FN:35,(anonymous_5)
FN:41,(anonymous_6)
FN:44,(anonymous_7)
FN:48,(anonymous_8)
FN:63,(anonymous_9)
FN:178,(anonymous_10)
FNF:11
FNH:9
FNDA:3,EditApplication
FNDA:3,(anonymous_1)
FNDA:1,(anonymous_2)
FNDA:1,(anonymous_3)
FNDA:0,(anonymous_4)
FNDA:1,(anonymous_5)
FNDA:2,(anonymous_6)
FNDA:2,(anonymous_7)
FNDA:0,(anonymous_8)
FNDA:1,(anonymous_9)
FNDA:15,(anonymous_10)
DA:7,1
DA:16,3
DA:18,3
DA:19,3
DA:20,3
DA:22,3
DA:23,1
DA:24,1
DA:31,1
DA:32,1
DA:34,0
DA:36,1
DA:37,1
DA:41,3
DA:42,2
DA:45,2
DA:46,2
DA:48,0
DA:49,2
DA:52,3
DA:63,1
DA:179,15
LF:22
LH:20
BRDA:78,0,0,3
BRDA:78,0,1,0
BRDA:79,1,0,1
BRDA:79,1,1,2
BRDA:79,2,0,3
BRDA:79,2,1,2
BRF:6
BRH:5
end_of_record
TN:
SF:src/Components/CoverLetter/CoverLetter.jsx
FN:12,Coverletter
FN:18,(anonymous_1)
FN:22,(anonymous_2)
FN:26,(anonymous_3)
FN:28,(anonymous_4)
FNF:5
FNH:4
FNDA:11,Coverletter
FNDA:3,(anonymous_1)
FNDA:3,(anonymous_2)
FNDA:4,(anonymous_3)
FNDA:0,(anonymous_4)
DA:10,1
DA:13,11
DA:14,10
DA:15,10
DA:16,10
DA:18,10
DA:19,3
DA:22,10
DA:23,3
DA:26,10
DA:28,10
DA:31,0
DA:32,0
DA:34,0
DA:35,0
DA:36,0
DA:37,0
DA:38,0
DA:39,0
DA:40,0
DA:44,10
LF:21
LH:12
BRDA:31,0,0,0
BRDA:31,0,1,0
BRDA:32,1,0,0
BRDA:32,1,1,0
BRDA:64,2,0,0
BRDA:64,2,1,10
BRF:6
BRH:1
end_of_record
TN:
SF:src/Components/CoverLetter/MakeCoverLetter.jsx
FN:8,MakeCoverLetter
FN:14,(anonymous_1)
FN:17,(anonymous_2)
FN:21,(anonymous_3)
FN:22,(anonymous_4)
FN:23,(anonymous_5)
FN:25,(anonymous_6)
FN:29,(anonymous_7)
FN:32,(anonymous_8)
FN:36,(anonymous_9)
FN:41,(anonymous_10)
FN:42,(anonymous_11)
FN:58,(anonymous_12)
FN:71,(anonymous_13)
FNF:14
FNH:6
FNDA:13,MakeCoverLetter
FNDA:3,(anonymous_1)
FNDA:3,(anonymous_2)
FNDA:3,(anonymous_3)
FNDA:0,(anonymous_4)
FNDA:3,(anonymous_5)
FNDA:1,(anonymous_6)
FNDA:0,(anonymous_7)
FNDA:0,(anonymous_8)
FNDA:0,(anonymous_9)
FNDA:0,(anonymous_10)
FNDA:0,(anonymous_11)
FNDA:0,(anonymous_12)
FNDA:0,(anonymous_13)
DA:9,13
DA:10,13
DA:11,13
DA:12,13
DA:13,13
DA:14,13
DA:15,3
DA:17,13
DA:18,3
DA:19,3
DA:21,3
DA:22,0
DA:23,3
DA:25,13
DA:26,1
DA:27,1
DA:29,13
DA:30,0
DA:32,13
DA:33,0
DA:34,0
DA:37,0
DA:38,0
DA:39,0
DA:41,0
DA:42,0
DA:45,13
DA:58,0
DA:72,0
LF:29
LH:18
BRDA:21,0,0,0
BRDA:21,0,1,3
BRDA:63,1,0,13
BRDA:63,1,1,3
BRDA:69,2,0,13
BRDA:69,2,1,0
BRF:6
BRH:4
end_of_record
TN:
SF:src/Components/LandingPage/LandingPage.jsx
FN:19,LandingPage
FN:26,(anonymous_1)
FN:30,(anonymous_2)
FN:33,(anonymous_3)
FN:34,(anonymous_4)
FN:35,(anonymous_5)
FN:38,(anonymous_6)
FN:61,(anonymous_7)
FN:72,(anonymous_8)
FN:89,(anonymous_9)
FNF:10
FNH:9
FNDA:25,LandingPage
FNDA:10,(anonymous_1)
FNDA:12,(anonymous_2)
FNDA:12,(anonymous_3)
FNDA:0,(anonymous_4)
FNDA:12,(anonymous_5)
FNDA:4,(anonymous_6)
FNDA:96,(anonymous_7)
FNDA:312,(anonymous_8)
FNDA:1,(anonymous_9)
DA:12,1
DA:20,25
DA:21,24
DA:22,24
DA:23,24
DA:24,24
DA:26,24
DA:27,10
DA:30,24
DA:31,12
DA:33,12
DA:34,0
DA:35,12
DA:38,24
DA:40,24
DA:62,96
DA:73,312
DA:89,1
LF:18
LH:17
BRDA:64,0,0,44
BRDA:64,0,1,52
BRDA:73,1,0,312
BRDA:73,1,1,273
BRDA:73,1,2,78
BRDA:73,1,3,65
BRDA:82,2,0,96
BRDA:82,2,1,44
BRDA:86,3,0,24
BRDA:86,3,1,1
BRF:10
BRH:10
end_of_record
TN:
SF:src/Components/LoginPage/LoginPage.jsx
FN:9,LoginPage
FN:12,(anonymous_1)
FN:16,(anonymous_2)
FN:19,(anonymous_3)
FN:22,(anonymous_4)
FNF:5
FNH:4
FNDA:5,LoginPage
FNDA:1,(anonymous_1)
FNDA:1,(anonymous_2)
FNDA:0,(anonymous_3)
FNDA:1,(anonymous_4)
DA:10,5
DA:12,5
DA:13,1
DA:14,1
DA:17,1
DA:20,0
DA:22,1
DA:25,5
LF:8
LH:7
BRF:0
BRH:0
end_of_record
TN:
SF:src/Components/ManageFiles/AddFile.jsx
FN:10,AddFile
FN:14,(anonymous_1)
FN:18,(anonymous_2)
FN:24,(anonymous_3)
FN:36,(anonymous_4)
FN:37,(anonymous_5)
FN:38,(anonymous_6)
FNF:7
FNH:0
FNDA:0,AddFile
FNDA:0,(anonymous_1)
FNDA:0,(anonymous_2)
FNDA:0,(anonymous_3)
FNDA:0,(anonymous_4)
FNDA:0,(anonymous_5)
FNDA:0,(anonymous_6)
DA:7,1
DA:11,0
DA:12,0
DA:13,0
DA:14,0
DA:15,0
DA:16,0
DA:18,0
DA:19,0
DA:20,0
DA:21,0
DA:22,0
DA:25,0
DA:28,0
DA:29,0
DA:32,0
DA:33,0
DA:34,0
DA:36,0
DA:37,0
DA:38,0
DA:42,0
LF:22
LH:1
BRDA:51,0,0,0
BRDA:51,0,1,0
BRF:2
BRH:0
end_of_record
TN:
SF:src/Components/ManageFiles/ManageFiles.jsx
FN:17,ManageFiles
FN:24,(anonymous_1)
FN:27,(anonymous_2)
FN:30,(anonymous_3)
FN:31,(anonymous_4)
FN:32,(anonymous_5)
FN:34,(anonymous_6)
FN:38,(anonymous_7)
FN:48,(anonymous_8)
FN:49,(anonymous_9)
FN:53,(anonymous_10)
FN:57,(anonymous_11)
FN:61,(anonymous_12)
FN:64,(anonymous_13)
FN:99,(anonymous_14)
FN:107,(anonymous_15)
FN:118,(anonymous_16)
FNF:17
FNH:0
FNDA:0,ManageFiles
FNDA:0,(anonymous_1)
FNDA:0,(anonymous_2)
FNDA:0,(anonymous_3)
FNDA:0,(anonymous_4)
FNDA:0,(anonymous_5)
FNDA:0,(anonymous_6)
FNDA:0,(anonymous_7)
FNDA:0,(anonymous_8)
FNDA:0,(anonymous_9)
FNDA:0,(anonymous_10)
FNDA:0,(anonymous_11)
FNDA:0,(anonymous_12)
FNDA:0,(anonymous_13)
FNDA:0,(anonymous_14)
FNDA:0,(anonymous_15)
FNDA:0,(anonymous_16)
DA:18,0
DA:19,0
DA:20,0
DA:21,0
DA:22,0
DA:23,0
DA:24,0
DA:25,0
DA:27,0
DA:28,0
DA:30,0
DA:31,0
DA:32,0
DA:34,0
DA:35,0
DA:36,0
DA:39,0
DA:40,0
DA:41,0
DA:42,0
DA:43,0
DA:44,0
DA:45,0
DA:46,0
DA:48,0
DA:49,0
DA:53,0
DA:54,0
DA:55,0
DA:58,0
DA:59,0
DA:61,0
DA:64,0
DA:65,0
DA:100,0
DA:107,0
DA:118,0
LF:37
LH:0
BRDA:71,0,0,0
BRDA:71,0,1,0
BRDA:92,1,0,0
BRDA:92,1,1,0
BRDA:97,2,0,0
BRDA:97,2,1,0
BRDA:98,3,0,0
BRDA:98,3,1,0
BRDA:125,4,0,0
BRDA:125,4,1,0
BRDA:125,4,2,0
BRF:11
BRH:0
end_of_record
TN:
SF:src/Components/Profile/Profile.jsx
FN:8,Profile
FN:15,(anonymous_1)
FN:18,(anonymous_2)
FN:27,(anonymous_3)
FN:28,(anonymous_4)
FN:31,(anonymous_5)
FN:35,(anonymous_6)
FN:36,(anonymous_7)
FN:37,(anonymous_8)
FN:40,(anonymous_9)
FN:42,(anonymous_10)
FN:45,(anonymous_11)
FN:46,(anonymous_12)
FN:48,(anonymous_13)
FN:51,(anonymous_14)
FN:54,(anonymous_15)
FN:55,(anonymous_16)
FNF:17
FNH:0
FNDA:0,Profile
FNDA:0,(anonymous_1)
FNDA:0,(anonymous_2)
FNDA:0,(anonymous_3)
FNDA:0,(anonymous_4)
FNDA:0,(anonymous_5)
FNDA:0,(anonymous_6)
FNDA:0,(anonymous_7)
FNDA:0,(anonymous_8)
FNDA:0,(anonymous_9)
FNDA:0,(anonymous_10)
FNDA:0,(anonymous_11)
FNDA:0,(anonymous_12)
FNDA:0,(anonymous_13)
FNDA:0,(anonymous_14)
FNDA:0,(anonymous_15)
FNDA:0,(anonymous_16)
DA:9,0
DA:10,0
DA:11,0
DA:12,0
DA:13,0
DA:15,0
DA:16,0
DA:19,0
DA:20,0
DA:21,0
DA:23,0
DA:24,0
DA:27,0
DA:28,0
DA:31,0
DA:32,0
DA:33,0
DA:35,0
DA:36,0
DA:37,0
DA:40,0
DA:41,0
DA:43,0
DA:45,0
DA:46,0
DA:48,0
DA:51,0
DA:52,0
DA:54,0
DA:55,0
DA:58,0
LF:31
LH:0
BRDA:19,0,0,0
BRDA:19,0,1,0
BRDA:61,1,0,0
BRDA:61,1,1,0
BRDA:176,2,0,0
BRDA:176,2,1,0
BRF:6
BRH:0
end_of_record
TN:
SF:src/Components/QA/AddQuestion.jsx
FN:7,AddQuestion
FN:11,(anonymous_1)
FN:16,(anonymous_2)
FN:19,(anonymous_3)
FN:24,(anonymous_4)
FN:38,(anonymous_5)
FNF:6
FNH:0
FNDA:0,AddQuestion
FNDA:0,(anonymous_1)
FNDA:0,(anonymous_2)
FNDA:0,(anonymous_3)
FNDA:0,(anonymous_4)
FNDA:0,(anonymous_5)
DA:8,0
DA:9,0
DA:11,0
DA:12,0
DA:13,0
DA:16,0
DA:17,0
DA:20,0
DA:21,0
DA:22,0
DA:24,0
DA:27,0
DA:38,0
LF:13
LH:0
BRF:0
BRH:0
end_of_record
TN:
SF:src/Components/QA/EditQuestion.jsx
FN:8,EditQuestion
FN:11,(anonymous_1)
FN:16,(anonymous_2)
FN:24,(anonymous_3)
FN:28,(anonymous_4)
FN:29,(anonymous_5)
FN:35,(anonymous_6)
FN:38,(anonymous_7)
FN:42,(anonymous_8)
FN:57,(anonymous_9)
FNF:10
FNH:0
FNDA:0,EditQuestion
FNDA:0,(anonymous_1)
FNDA:0,(anonymous_2)
FNDA:0,(anonymous_3)
FNDA:0,(anonymous_4)
FNDA:0,(anonymous_5)
FNDA:0,(anonymous_6)
FNDA:0,(anonymous_7)
FNDA:0,(anonymous_8)
FNDA:0,(anonymous_9)
DA:9,0
DA:11,0
DA:12,0
DA:13,0
DA:16,0
DA:17,0
DA:18,0
DA:25,0
DA:26,0
DA:28,0
DA:30,0
DA:31,0
DA:35,0
DA:36,0
DA:39,0
DA:40,0
DA:42,0
DA:43,0
DA:46,0
DA:57,0
LF:20
LH:0
BRF:0
BRH:0
end_of_record
TN:
SF:src/Components/QA/QA.jsx
FN:11,QA
FN:18,(anonymous_1)
FN:21,(anonymous_2)
FN:24,(anonymous_3)
FN:27,(anonymous_4)
FN:28,(anonymous_5)
FN:29,(anonymous_6)
FN:31,(anonymous_7)
FN:62,(anonymous_8)
FN:66,(anonymous_9)
FN:77,(anonymous_10)
FNF:11
FNH:0
FNDA:0,QA
FNDA:0,(anonymous_1)
FNDA:0,(anonymous_2)
FNDA:0,(anonymous_3)
FNDA:0,(anonymous_4)
FNDA:0,(anonymous_5)
FNDA:0,(anonymous_6)
FNDA:0,(anonymous_7)
FNDA:0,(anonymous_8)
FNDA:0,(anonymous_9)
FNDA:0,(anonymous_10)
DA:12,0
DA:13,0
DA:14,0
DA:15,0
DA:16,0
DA:18,0
DA:19,0
DA:21,0
DA:22,0
DA:25,0
DA:27,0
DA:28,0
DA:29,0
DA:31,0
DA:33,0
DA:63,0
DA:66,0
DA:77,0
LF:18
LH:0
BRDA:56,0,0,0
BRDA:56,0,1,0
BRDA:72,1,0,0
BRDA:72,1,1,0
BRDA:72,1,2,0
BRDA:74,2,0,0
BRDA:74,2,1,0
BRF:7
BRH:0
end_of_record
TN:
SF:src/Components/RegisterPage/RegisterPage.jsx
FN:8,RegisterPage
FN:10,(anonymous_1)
FN:14,(anonymous_2)
FN:15,(anonymous_3)
FN:16,(anonymous_4)
FN:92,(anonymous_5)
FN:93,(anonymous_6)
FNF:7
FNH:6
FNDA:1,RegisterPage
FNDA:1,(anonymous_1)
FNDA:1,(anonymous_2)
FNDA:0,(anonymous_3)
FNDA:1,(anonymous_4)
FNDA:12,(anonymous_5)
FNDA:12,(anonymous_6)
DA:9,1
DA:10,1
DA:11,1
DA:12,1
DA:14,1
DA:15,0
DA:16,1
DA:19,1
DA:92,12
DA:94,12
DA:95,2
DA:97,10
LF:12
LH:11
BRDA:94,0,0,2
BRDA:94,0,1,10
BRDA:94,1,0,12
BRDA:94,1,1,12
BRF:4
BRH:4
end_of_record
TN:
SF:src/Components/ResumeSuggestions/MakeSuggestions.jsx
FN:9,MakeSuggestions
FN:16,(anonymous_1)
FN:20,(anonymous_2)
FN:24,(anonymous_3)
FN:25,(anonymous_4)
FN:26,(anonymous_5)
FN:29,(anonymous_6)
FN:34,(anonymous_7)
FN:38,(anonymous_8)
FN:42,(anonymous_9)
FN:48,(anonymous_10)
FN:49,(anonymous_11)
FN:65,(anonymous_12)
FN:77,(anonymous_13)
FNF:14
FNH:6
FNDA:13,MakeSuggestions
FNDA:3,(anonymous_1)
FNDA:3,(anonymous_2)
FNDA:3,(anonymous_3)
FNDA:0,(anonymous_4)
FNDA:3,(anonymous_5)
FNDA:1,(anonymous_6)
FNDA:0,(anonymous_7)
FNDA:0,(anonymous_8)
FNDA:0,(anonymous_9)
FNDA:0,(anonymous_10)
FNDA:0,(anonymous_11)
FNDA:0,(anonymous_12)
FNDA:0,(anonymous_13)
DA:10,13
DA:11,13
DA:12,13
DA:13,13
DA:14,13
DA:16,13
DA:17,3
DA:20,13
DA:21,3
DA:22,3
DA:24,3
DA:25,0
DA:26,3
DA:29,13
DA:30,1
DA:31,1
DA:34,13
DA:35,0
DA:38,13
DA:39,0
DA:40,0
DA:43,0
DA:44,0
DA:45,0
DA:46,0
DA:48,0
DA:49,0
DA:52,13
DA:65,0
DA:78,0
LF:30
LH:18
BRDA:24,0,0,0
BRDA:24,0,1,3
BRDA:70,1,0,13
BRDA:70,1,1,3
BRDA:75,2,0,13
BRDA:75,2,1,0
BRF:6
BRH:4
end_of_record
TN:
SF:src/Components/ResumeSuggestions/ResumeSuggestions.jsx
FN:11,ResumeSuggestions
FN:16,(anonymous_1)
FN:19,(anonymous_2)
FN:22,(anonymous_3)
FN:23,(anonymous_4)
FNF:5
FNH:4
FNDA:11,ResumeSuggestions
FNDA:3,(anonymous_1)
FNDA:3,(anonymous_2)
FNDA:4,(anonymous_3)
FNDA:0,(anonymous_4)
DA:12,11
DA:13,10
DA:16,10
DA:17,3
DA:19,10
DA:20,3
DA:22,10
DA:23,10
DA:24,0
DA:25,0
DA:26,0
DA:27,0
DA:28,0
DA:29,0
DA:30,0
DA:32,10
LF:16
LH:9
BRDA:59,0,0,10
BRDA:59,0,1,0
BRF:2
BRH:1
end_of_record
TN:
SF:src/Components/SavedJobs/AddSavedJob.jsx
FN:7,AddSavedJob
FN:11,(anonymous_1)
FN:16,(anonymous_2)
FN:19,(anonymous_3)
FN:24,(anonymous_4)
FN:38,(anonymous_5)
FNF:6
FNH:5
FNDA:6,AddSavedJob
FNDA:2,(anonymous_1)
FNDA:1,(anonymous_2)
FNDA:1,(anonymous_3)
FNDA:0,(anonymous_4)
FNDA:1,(anonymous_5)
DA:8,6
DA:9,6
DA:11,6
DA:12,2
DA:13,2
DA:16,6
DA:17,1
DA:20,1
DA:21,1
DA:22,1
DA:24,0
DA:27,6
DA:38,1
LF:13
LH:12
BRF:0
BRH:0
end_of_record
TN:
SF:src/Components/SavedJobs/EditSavedJob.jsx
FN:8,EditSavedJob
FN:12,(anonymous_1)
FN:16,(anonymous_2)
FN:28,(anonymous_3)
FN:32,(anonymous_4)
FN:33,(anonymous_5)
FN:38,(anonymous_6)
FN:41,(anonymous_7)
FN:45,(anonymous_8)
FN:61,(anonymous_9)
FNF:10
FNH:0
FNDA:0,EditSavedJob
FNDA:0,(anonymous_1)
FNDA:0,(anonymous_2)
FNDA:0,(anonymous_3)
FNDA:0,(anonymous_4)
FNDA:0,(anonymous_5)
FNDA:0,(anonymous_6)
FNDA:0,(anonymous_7)
FNDA:0,(anonymous_8)
FNDA:0,(anonymous_9)
DA:9,0
DA:10,0
DA:12,0
DA:13,0
DA:14,0
DA:16,0
DA:17,0
DA:18,0
DA:29,0
DA:30,0
DA:32,0
DA:34,0
DA:35,0
DA:38,0
DA:39,0
DA:42,0
DA:43,0
DA:45,0
DA:46,0
DA:50,0
DA:61,0
LF:21
LH:0
BRF:0
BRH:0
end_of_record
TN:
SF:src/Components/SavedJobs/SavedJobs.jsx
FN:12,SavedJobs
FN:20,(anonymous_1)
FN:24,(anonymous_2)
FN:26,(anonymous_3)
FN:29,(anonymous_4)
FN:30,(anonymous_5)
FN:32,(anonymous_6)
FN:33,(anonymous_7)
FN:56,(anonymous_8)
FN:65,(anonymous_9)
FN:78,(anonymous_10)
FN:87,(anonymous_11)
FN:106,(anonymous_12)
FNF:13
FNH:8
FNDA:6,SavedJobs
FNDA:1,(anonymous_1)
FNDA:4,(anonymous_2)
FNDA:2,(anonymous_3)
FNDA:2,(anonymous_4)
FNDA:12,(anonymous_5)
FNDA:0,(anonymous_6)
FNDA:2,(anonymous_7)
FNDA:0,(anonymous_8)
FNDA:0,(anonymous_9)
FNDA:5,(anonymous_10)
FNDA:0,(anonymous_11)
FNDA:0,(anonymous_12)
DA:13,6
DA:14,6
DA:15,6
DA:16,6
DA:17,6
DA:18,6
DA:20,6
DA:21,1
DA:24,6
DA:26,6
DA:27,2
DA:30,12
DA:32,0
DA:33,2
DA:36,6
DA:56,0
DA:65,0
DA:79,5
DA:87,0
DA:106,0
LF:20
LH:15
BRDA:54,0,0,6
BRDA:54,0,1,0
BRDA:62,1,0,6
BRDA:62,1,1,0
BRDA:72,2,0,6
BRDA:72,2,1,1
BRDA:112,3,0,6
BRDA:112,3,1,1
BRDA:112,3,2,1
BRF:9
BRH:7
end_of_record
